<?xml version="1.0" encoding="UTF-8"?>
<testsuite name="com.capstone08.springstudy.homeTest.HomeSeleniumTest" tests="1" skipped="0" failures="0" errors="0" timestamp="2017-01-18T04:45:16" hostname="chan-ThinkPad-T440" time="9.613">
  <properties/>
  <testcase name="HomePostTest" classname="com.capstone08.springstudy.homeTest.HomeSeleniumTest" time="9.613"/>
  <system-out><![CDATA[13:45:04.890 [Test worker] DEBUG org.springframework.test.context.junit4.SpringJUnit4ClassRunner - SpringJUnit4ClassRunner constructor called with [class com.capstone08.springstudy.homeTest.HomeSeleniumTest]
13:45:04.904 [Test worker] DEBUG org.springframework.test.context.BootstrapUtils - Instantiating CacheAwareContextLoaderDelegate from class [org.springframework.test.context.cache.DefaultCacheAwareContextLoaderDelegate]
13:45:04.945 [Test worker] DEBUG org.springframework.test.context.BootstrapUtils - Instantiating BootstrapContext using constructor [public org.springframework.test.context.support.DefaultBootstrapContext(java.lang.Class,org.springframework.test.context.CacheAwareContextLoaderDelegate)]
13:45:04.958 [Test worker] DEBUG org.springframework.test.context.BootstrapUtils - Instantiating TestContextBootstrapper for test class [com.capstone08.springstudy.homeTest.HomeSeleniumTest] from class [org.springframework.boot.test.WebAppIntegrationTestContextBootstrapper]
13:45:04.979 [Test worker] DEBUG org.springframework.boot.test.WebAppIntegrationTestContextBootstrapper - Found explicit ContextLoader class [org.springframework.boot.test.SpringApplicationContextLoader] for context configuration attributes [ContextConfigurationAttributes@5f384109 declaringClass = 'com.capstone08.springstudy.homeTest.HomeSeleniumTest', classes = '{class com.capstone08.springstudy.AppConfig}', locations = '{}', inheritLocations = true, initializers = '{}', inheritInitializers = true, name = [null], contextLoaderClass = 'org.springframework.boot.test.SpringApplicationContextLoader']
13:45:04.997 [Test worker] DEBUG org.springframework.test.context.support.AbstractContextLoader - Did not detect default resource location for test class [com.capstone08.springstudy.homeTest.HomeSeleniumTest]: class path resource [com/capstone08/springstudy/homeTest/HomeSeleniumTest-context.xml] does not exist
13:45:04.997 [Test worker] DEBUG org.springframework.test.context.support.AbstractContextLoader - Did not detect default resource location for test class [com.capstone08.springstudy.homeTest.HomeSeleniumTest]: class path resource [com/capstone08/springstudy/homeTest/HomeSeleniumTestContext.groovy] does not exist
13:45:04.997 [Test worker] INFO org.springframework.test.context.support.AbstractContextLoader - Could not detect default resource locations for test class [com.capstone08.springstudy.homeTest.HomeSeleniumTest]: no resource found for suffixes {-context.xml, Context.groovy}.
13:45:05.043 [Test worker] DEBUG org.springframework.test.context.support.ActiveProfilesUtils - Could not find an 'annotation declaring class' for annotation type [org.springframework.test.context.ActiveProfiles] and class [com.capstone08.springstudy.homeTest.HomeSeleniumTest]
13:45:05.056 [Test worker] DEBUG org.springframework.test.util.ReflectionTestUtils - Setting field 'propertySourceProperties' of type [null] on target object [[WebMergedContextConfiguration@73cead92 testClass = HomeSeleniumTest, locations = '{}', classes = '{class com.capstone08.springstudy.AppConfig}', contextInitializerClasses = '[]', activeProfiles = '{}', propertySourceLocations = '{}', propertySourceProperties = '{}', contextCustomizers = set[org.springframework.boot.test.context.filter.ExcludeFilterContextCustomizer@6fb48720, org.springframework.boot.test.mock.mockito.MockitoContextCustomizer@0, org.springframework.boot.test.autoconfigure.properties.PropertyMappingContextCustomizer@0, org.springframework.boot.test.autoconfigure.web.servlet.WebDriverContextCustomizerFactory$Customizer@50f99c64], resourceBasePath = '', contextLoader = 'org.springframework.boot.test.SpringApplicationContextLoader', parent = [null]]] or target class [class org.springframework.test.context.web.WebMergedContextConfiguration] to value [[Ljava.lang.String;@445e6dbb]
13:45:05.057 [Test worker] DEBUG org.springframework.boot.test.WebAppIntegrationTestContextBootstrapper - @TestExecutionListeners is not present for class [com.capstone08.springstudy.homeTest.HomeSeleniumTest]: using defaults.
13:45:05.063 [Test worker] INFO org.springframework.boot.test.WebAppIntegrationTestContextBootstrapper - Loaded default TestExecutionListener class names from location [META-INF/spring.factories]: [org.springframework.boot.test.mock.mockito.MockitoTestExecutionListener, org.springframework.boot.test.mock.mockito.ResetMocksTestExecutionListener, org.springframework.boot.test.autoconfigure.restdocs.RestDocsTestExecutionListener, org.springframework.boot.test.autoconfigure.web.client.MockRestServiceServerResetTestExecutionListener, org.springframework.boot.test.autoconfigure.web.servlet.MockMvcPrintOnlyOnFailureTestExecutionListener, org.springframework.boot.test.autoconfigure.web.servlet.WebDriverTestExecutionListener, org.springframework.test.context.web.ServletTestExecutionListener, org.springframework.test.context.support.DirtiesContextBeforeModesTestExecutionListener, org.springframework.test.context.support.DependencyInjectionTestExecutionListener, org.springframework.test.context.support.DirtiesContextTestExecutionListener, org.springframework.test.context.transaction.TransactionalTestExecutionListener, org.springframework.test.context.jdbc.SqlScriptsTestExecutionListener]
13:45:05.134 [Test worker] INFO org.springframework.boot.test.WebAppIntegrationTestContextBootstrapper - Using TestExecutionListeners: [org.springframework.test.context.web.ServletTestExecutionListener@6b7ed48a, org.springframework.test.context.support.DirtiesContextBeforeModesTestExecutionListener@58b34cb1, org.springframework.test.context.support.DependencyInjectionTestExecutionListener@4b169c92, org.springframework.test.context.support.DirtiesContextTestExecutionListener@609219b6, org.springframework.test.context.transaction.TransactionalTestExecutionListener@7dd54baa, org.springframework.test.context.jdbc.SqlScriptsTestExecutionListener@3fc14665, org.springframework.boot.test.autoconfigure.web.client.MockRestServiceServerResetTestExecutionListener@40ccbf03, org.springframework.boot.test.autoconfigure.web.servlet.MockMvcPrintOnlyOnFailureTestExecutionListener@30635105, org.springframework.boot.test.autoconfigure.restdocs.RestDocsTestExecutionListener@67bcc4b8, org.springframework.boot.test.mock.mockito.MockitoTestExecutionListener@527b5444, org.springframework.boot.test.mock.mockito.ResetMocksTestExecutionListener@77eacdaf, org.springframework.boot.test.autoconfigure.web.servlet.WebDriverTestExecutionListener@5d2b412e]
13:45:05.138 [Test worker] DEBUG org.springframework.test.annotation.ProfileValueUtils - Retrieved @ProfileValueSourceConfiguration [null] for test class [com.capstone08.springstudy.homeTest.HomeSeleniumTest]
13:45:05.139 [Test worker] DEBUG org.springframework.test.annotation.ProfileValueUtils - Retrieved ProfileValueSource type [class org.springframework.test.annotation.SystemProfileValueSource] for class [com.capstone08.springstudy.homeTest.HomeSeleniumTest]
13:45:05.140 [Test worker] DEBUG org.springframework.test.annotation.ProfileValueUtils - Retrieved @ProfileValueSourceConfiguration [null] for test class [com.capstone08.springstudy.homeTest.HomeSeleniumTest]
13:45:05.140 [Test worker] DEBUG org.springframework.test.annotation.ProfileValueUtils - Retrieved ProfileValueSource type [class org.springframework.test.annotation.SystemProfileValueSource] for class [com.capstone08.springstudy.homeTest.HomeSeleniumTest]
13:45:05.144 [Test worker] DEBUG org.springframework.test.context.support.AbstractDirtiesContextTestExecutionListener - Before test class: context [DefaultTestContext@3323a2cc testClass = HomeSeleniumTest, testInstance = [null], testMethod = [null], testException = [null], mergedContextConfiguration = [WebMergedContextConfiguration@73cead92 testClass = HomeSeleniumTest, locations = '{}', classes = '{class com.capstone08.springstudy.AppConfig}', contextInitializerClasses = '[]', activeProfiles = '{}', propertySourceLocations = '{}', propertySourceProperties = '{server.port:0, org.springframework.boot.test.WebIntegrationTest=true}', contextCustomizers = set[org.springframework.boot.test.context.filter.ExcludeFilterContextCustomizer@6fb48720, org.springframework.boot.test.mock.mockito.MockitoContextCustomizer@0, org.springframework.boot.test.autoconfigure.properties.PropertyMappingContextCustomizer@0, org.springframework.boot.test.autoconfigure.web.servlet.WebDriverContextCustomizerFactory$Customizer@50f99c64], resourceBasePath = '', contextLoader = 'org.springframework.boot.test.SpringApplicationContextLoader', parent = [null]]], class annotated with @DirtiesContext [false] with mode [null].
13:45:05.144 [Test worker] DEBUG org.springframework.test.annotation.ProfileValueUtils - Retrieved @ProfileValueSourceConfiguration [null] for test class [com.capstone08.springstudy.homeTest.HomeSeleniumTest]
13:45:05.145 [Test worker] DEBUG org.springframework.test.annotation.ProfileValueUtils - Retrieved ProfileValueSource type [class org.springframework.test.annotation.SystemProfileValueSource] for class [com.capstone08.springstudy.homeTest.HomeSeleniumTest]
13:45:05.147 [Test worker] DEBUG org.springframework.test.context.support.DependencyInjectionTestExecutionListener - Performing dependency injection for test context [[DefaultTestContext@3323a2cc testClass = HomeSeleniumTest, testInstance = com.capstone08.springstudy.homeTest.HomeSeleniumTest@6ec6e19b, testMethod = [null], testException = [null], mergedContextConfiguration = [WebMergedContextConfiguration@73cead92 testClass = HomeSeleniumTest, locations = '{}', classes = '{class com.capstone08.springstudy.AppConfig}', contextInitializerClasses = '[]', activeProfiles = '{}', propertySourceLocations = '{}', propertySourceProperties = '{server.port:0, org.springframework.boot.test.WebIntegrationTest=true}', contextCustomizers = set[org.springframework.boot.test.context.filter.ExcludeFilterContextCustomizer@6fb48720, org.springframework.boot.test.mock.mockito.MockitoContextCustomizer@0, org.springframework.boot.test.autoconfigure.properties.PropertyMappingContextCustomizer@0, org.springframework.boot.test.autoconfigure.web.servlet.WebDriverContextCustomizerFactory$Customizer@50f99c64], resourceBasePath = '', contextLoader = 'org.springframework.boot.test.SpringApplicationContextLoader', parent = [null]]]].
13:45:05.245 [Test worker] DEBUG org.springframework.core.env.StandardEnvironment - Adding [systemProperties] PropertySource with lowest search precedence
13:45:05.246 [Test worker] DEBUG org.springframework.core.env.StandardEnvironment - Adding [systemEnvironment] PropertySource with lowest search precedence
13:45:05.247 [Test worker] DEBUG org.springframework.core.env.StandardEnvironment - Initialized StandardEnvironment with PropertySources [systemProperties,systemEnvironment]
13:45:05.248 [Test worker] DEBUG org.springframework.core.env.StandardEnvironment - Adding [integrationTest] PropertySource with search precedence immediately lower than [systemEnvironment]

  .   ____          _            __ _ _
 /\\ / ___'_ __ _ _(_)_ __  __ _ \ \ \ \
( ( )\___ | '_ | '_| | '_ \/ _` | \ \ \ \
 \\/  ___)| |_)| | | | | || (_| |  ) ) ) )
  '  |____| .__|_| |_|_| |_\__, | / / / /
 =========|_|==============|___/=/_/_/_/
 :: Spring Boot ::        (v1.4.3.RELEASE)

2017-01-18 13:45:07.269  INFO 3027 --- [    Test worker] c.c.s.homeTest.HomeSeleniumTest          : Starting HomeSeleniumTest on chan-ThinkPad-T440 with PID 3027 (started by chan in /home/chan/SpringStudy)
2017-01-18 13:45:07.290  INFO 3027 --- [    Test worker] c.c.s.homeTest.HomeSeleniumTest          : No active profile set, falling back to default profiles: default
2017-01-18 13:45:08.249  INFO 3027 --- [    Test worker] ationConfigEmbeddedWebApplicationContext : Refreshing org.springframework.boot.context.embedded.AnnotationConfigEmbeddedWebApplicationContext@531f181b: startup date [Wed Jan 18 13:45:08 KST 2017]; root of context hierarchy
2017-01-18 13:45:10.367  WARN 3027 --- [    Test worker] o.m.s.mapper.ClassPathMapperScanner      : No MyBatis mapper was found in '[com.capstone08.springstudy]' package. Please check your configuration.
2017-01-18 13:45:11.040  INFO 3027 --- [    Test worker] trationDelegate$BeanPostProcessorChecker : Bean 'org.springframework.transaction.annotation.ProxyTransactionManagementConfiguration' of type [class org.springframework.transaction.annotation.ProxyTransactionManagementConfiguration$$EnhancerBySpringCGLIB$$58f490cf] is not eligible for getting processed by all BeanPostProcessors (for example: not eligible for auto-proxying)
2017-01-18 13:45:11.637  INFO 3027 --- [    Test worker] s.b.c.e.t.TomcatEmbeddedServletContainer : Tomcat initialized with port(s): 0 (http)
2017-01-18 13:45:11.662  INFO 3027 --- [    Test worker] o.apache.catalina.core.StandardService   : Starting service Tomcat
2017-01-18 13:45:11.664  INFO 3027 --- [    Test worker] org.apache.catalina.core.StandardEngine  : Starting Servlet Engine: Apache Tomcat/8.5.6
2017-01-18 13:45:11.848  INFO 3027 --- [ost-startStop-1] o.a.c.c.C.[Tomcat].[localhost].[/]       : Initializing Spring embedded WebApplicationContext
2017-01-18 13:45:11.848  INFO 3027 --- [ost-startStop-1] o.s.web.context.ContextLoader            : Root WebApplicationContext: initialization completed in 3603 ms
2017-01-18 13:45:12.015  INFO 3027 --- [ost-startStop-1] o.s.b.w.servlet.ServletRegistrationBean  : Mapping servlet: 'dispatcherServlet' to [/]
2017-01-18 13:45:12.019  INFO 3027 --- [ost-startStop-1] o.s.b.w.servlet.FilterRegistrationBean   : Mapping filter: 'characterEncodingFilter' to: [/*]
2017-01-18 13:45:12.020  INFO 3027 --- [ost-startStop-1] o.s.b.w.servlet.FilterRegistrationBean   : Mapping filter: 'hiddenHttpMethodFilter' to: [/*]
2017-01-18 13:45:12.020  INFO 3027 --- [ost-startStop-1] o.s.b.w.servlet.FilterRegistrationBean   : Mapping filter: 'httpPutFormContentFilter' to: [/*]
2017-01-18 13:45:12.020  INFO 3027 --- [ost-startStop-1] o.s.b.w.servlet.FilterRegistrationBean   : Mapping filter: 'requestContextFilter' to: [/*]
2017-01-18 13:45:12.431  INFO 3027 --- [    Test worker] j.LocalContainerEntityManagerFactoryBean : Building JPA container EntityManagerFactory for persistence unit 'default'
2017-01-18 13:45:12.466  INFO 3027 --- [    Test worker] o.hibernate.jpa.internal.util.LogHelper  : HHH000204: Processing PersistenceUnitInfo [
	name: default
	...]
2017-01-18 13:45:12.751  INFO 3027 --- [    Test worker] org.hibernate.Version                    : HHH000412: Hibernate Core {5.0.11.Final}
2017-01-18 13:45:12.753  INFO 3027 --- [    Test worker] org.hibernate.cfg.Environment            : HHH000206: hibernate.properties not found
2017-01-18 13:45:12.756  INFO 3027 --- [    Test worker] org.hibernate.cfg.Environment            : HHH000021: Bytecode provider name : javassist
2017-01-18 13:45:12.803  INFO 3027 --- [    Test worker] o.hibernate.annotations.common.Version   : HCANN000001: Hibernate Commons Annotations {5.0.1.Final}
2017-01-18 13:45:13.601  INFO 3027 --- [    Test worker] org.hibernate.dialect.Dialect            : HHH000400: Using dialect: org.hibernate.dialect.MySQLDialect
2017-01-18 13:45:14.041  INFO 3027 --- [    Test worker] org.hibernate.tool.hbm2ddl.SchemaExport  : HHH000227: Running hbm2ddl schema export
Hibernate: drop table if exists post
Hibernate: create table post (id integer not null auto_increment, content varchar(255), date varchar(255), hit integer not null, nick varchar(255), subject varchar(255), primary key (id))
2017-01-18 13:45:14.571  INFO 3027 --- [    Test worker] org.hibernate.tool.hbm2ddl.SchemaExport  : HHH000230: Schema export complete
2017-01-18 13:45:14.596  INFO 3027 --- [    Test worker] j.LocalContainerEntityManagerFactoryBean : Initialized JPA EntityManagerFactory for persistence unit 'default'
2017-01-18 13:45:15.283  INFO 3027 --- [    Test worker] s.w.s.m.m.a.RequestMappingHandlerAdapter : Looking for @ControllerAdvice: org.springframework.boot.context.embedded.AnnotationConfigEmbeddedWebApplicationContext@531f181b: startup date [Wed Jan 18 13:45:08 KST 2017]; root of context hierarchy
2017-01-18 13:45:15.355  INFO 3027 --- [    Test worker] s.w.s.m.m.a.RequestMappingHandlerMapping : Mapped "{[/],methods=[GET]}" onto public java.lang.String com.capstone08.springstudy.controller.HomeController.board(org.springframework.ui.Model)
2017-01-18 13:45:15.356  INFO 3027 --- [    Test worker] s.w.s.m.m.a.RequestMappingHandlerMapping : Mapped "{[/postview/{id}]}" onto public java.lang.String com.capstone08.springstudy.controller.HomeController.moveToPostView(int,org.springframework.ui.ModelMap)
2017-01-18 13:45:15.356  INFO 3027 --- [    Test worker] s.w.s.m.m.a.RequestMappingHandlerMapping : Mapped "{[/write]}" onto public java.lang.String com.capstone08.springstudy.controller.HomeController.moveToWrite()
2017-01-18 13:45:15.356  INFO 3027 --- [    Test worker] s.w.s.m.m.a.RequestMappingHandlerMapping : Mapped "{[/modify/{id}],methods=[POST]}" onto public java.lang.String com.capstone08.springstudy.controller.ModifyController.modifyPost(int,com.capstone08.springstudy.model.Post) throws com.capstone08.springstudy.exception.FoundBlankException
2017-01-18 13:45:15.357  INFO 3027 --- [    Test worker] s.w.s.m.m.a.RequestMappingHandlerMapping : Mapped "{[/postview/modify/{id}],methods=[GET]}" onto public java.lang.String com.capstone08.springstudy.controller.PostViewController.moveToModify(int,org.springframework.ui.Model)
2017-01-18 13:45:15.357  INFO 3027 --- [    Test worker] s.w.s.m.m.a.RequestMappingHandlerMapping : Mapped "{[/postview/del/{id}]}" onto public java.lang.String com.capstone08.springstudy.controller.PostViewController.deletePost(int)
2017-01-18 13:45:15.358  INFO 3027 --- [    Test worker] s.w.s.m.m.a.RequestMappingHandlerMapping : Mapped "{[/write],methods=[POST]}" onto public java.lang.String com.capstone08.springstudy.controller.WriteController.writePost(com.capstone08.springstudy.model.Post) throws com.capstone08.springstudy.exception.FoundBlankException
2017-01-18 13:45:15.360  INFO 3027 --- [    Test worker] s.w.s.m.m.a.RequestMappingHandlerMapping : Mapped "{[/error],produces=[text/html]}" onto public org.springframework.web.servlet.ModelAndView org.springframework.boot.autoconfigure.web.BasicErrorController.errorHtml(javax.servlet.http.HttpServletRequest,javax.servlet.http.HttpServletResponse)
2017-01-18 13:45:15.360  INFO 3027 --- [    Test worker] s.w.s.m.m.a.RequestMappingHandlerMapping : Mapped "{[/error]}" onto public org.springframework.http.ResponseEntity<java.util.Map<java.lang.String, java.lang.Object>> org.springframework.boot.autoconfigure.web.BasicErrorController.error(javax.servlet.http.HttpServletRequest)
2017-01-18 13:45:15.396  INFO 3027 --- [    Test worker] o.s.w.s.handler.SimpleUrlHandlerMapping  : Mapped URL path [/webjars/**] onto handler of type [class org.springframework.web.servlet.resource.ResourceHttpRequestHandler]
2017-01-18 13:45:15.397  INFO 3027 --- [    Test worker] o.s.w.s.handler.SimpleUrlHandlerMapping  : Mapped URL path [/**] onto handler of type [class org.springframework.web.servlet.resource.ResourceHttpRequestHandler]
2017-01-18 13:45:15.439  INFO 3027 --- [    Test worker] o.s.w.s.handler.SimpleUrlHandlerMapping  : Mapped URL path [/**/favicon.ico] onto handler of type [class org.springframework.web.servlet.resource.ResourceHttpRequestHandler]
2017-01-18 13:45:16.520  INFO 3027 --- [    Test worker] s.b.c.e.t.TomcatEmbeddedServletContainer : Tomcat started on port(s): 44045 (http)
2017-01-18 13:45:16.525  INFO 3027 --- [    Test worker] c.c.s.homeTest.HomeSeleniumTest          : Started HomeSeleniumTest in 11.251 seconds (JVM running for 12.589)
/home/chan/SpringStudy
2017-01-18 13:45:24.172  INFO 3027 --- [o-auto-1-exec-1] o.a.c.c.C.[Tomcat].[localhost].[/]       : Initializing Spring FrameworkServlet 'dispatcherServlet'
2017-01-18 13:45:24.172  INFO 3027 --- [o-auto-1-exec-1] o.s.web.servlet.DispatcherServlet        : FrameworkServlet 'dispatcherServlet': initialization started
2017-01-18 13:45:24.191  INFO 3027 --- [o-auto-1-exec-1] o.s.web.servlet.DispatcherServlet        : FrameworkServlet 'dispatcherServlet': initialization completed in 19 ms
2017-01-18 13:45:24.317  INFO 3027 --- [o-auto-1-exec-1] o.h.h.i.QueryTranslatorFactoryInitiator  : HHH000397: Using ASTQueryTranslatorFactory
Hibernate: select post0_.id as id1_0_, post0_.content as content2_0_, post0_.date as date3_0_, post0_.hit as hit4_0_, post0_.nick as nick5_0_, post0_.subject as subject6_0_ from post post0_ order by post0_.id desc
]]></system-out>
  <system-err><![CDATA[Starting ChromeDriver 2.27.440175 (9bc1d90b8bfa4dd181fbbf769a5eb5e575574320) on port 16621
Only local connections are allowed.
]]></system-err>
</testsuite>
