<?xml version="1.0" encoding="UTF-8"?>
<testsuite name="com.capstone08.springstudy.controller.PostViewControllerHtmlTest" tests="1" skipped="0" failures="0" errors="0" timestamp="2017-01-16T07:34:29" hostname="chan-ThinkPad-T440" time="4.815">
  <properties/>
  <testcase name="postViewTest" classname="com.capstone08.springstudy.controller.PostViewControllerHtmlTest" time="4.815"/>
  <system-out><![CDATA[16:34:23.973 [Test worker] DEBUG org.springframework.test.context.junit4.SpringJUnit4ClassRunner - SpringJUnit4ClassRunner constructor called with [class com.capstone08.springstudy.controller.PostViewControllerHtmlTest]
16:34:23.975 [Test worker] DEBUG org.springframework.test.context.BootstrapUtils - Instantiating CacheAwareContextLoaderDelegate from class [org.springframework.test.context.cache.DefaultCacheAwareContextLoaderDelegate]
16:34:23.977 [Test worker] DEBUG org.springframework.test.context.BootstrapUtils - Instantiating BootstrapContext using constructor [public org.springframework.test.context.support.DefaultBootstrapContext(java.lang.Class,org.springframework.test.context.CacheAwareContextLoaderDelegate)]
16:34:23.982 [Test worker] DEBUG org.springframework.test.context.BootstrapUtils - Instantiating TestContextBootstrapper for test class [com.capstone08.springstudy.controller.PostViewControllerHtmlTest] from class [org.springframework.boot.test.WebAppIntegrationTestContextBootstrapper]
16:34:24.003 [Test worker] DEBUG org.springframework.boot.test.WebAppIntegrationTestContextBootstrapper - Found explicit ContextLoader class [org.springframework.boot.test.SpringApplicationContextLoader] for context configuration attributes [ContextConfigurationAttributes@527523f2 declaringClass = 'com.capstone08.springstudy.controller.PostViewControllerHtmlTest', classes = '{class com.capstone08.springstudy.AppConfig}', locations = '{}', inheritLocations = true, initializers = '{}', inheritInitializers = true, name = [null], contextLoaderClass = 'org.springframework.boot.test.SpringApplicationContextLoader']
16:34:24.004 [Test worker] DEBUG org.springframework.test.context.support.AbstractContextLoader - Did not detect default resource location for test class [com.capstone08.springstudy.controller.PostViewControllerHtmlTest]: class path resource [com/capstone08/springstudy/controller/PostViewControllerHtmlTest-context.xml] does not exist
16:34:24.005 [Test worker] DEBUG org.springframework.test.context.support.AbstractContextLoader - Did not detect default resource location for test class [com.capstone08.springstudy.controller.PostViewControllerHtmlTest]: class path resource [com/capstone08/springstudy/controller/PostViewControllerHtmlTestContext.groovy] does not exist
16:34:24.005 [Test worker] INFO org.springframework.test.context.support.AbstractContextLoader - Could not detect default resource locations for test class [com.capstone08.springstudy.controller.PostViewControllerHtmlTest]: no resource found for suffixes {-context.xml, Context.groovy}.
16:34:24.026 [Test worker] DEBUG org.springframework.test.context.support.ActiveProfilesUtils - Could not find an 'annotation declaring class' for annotation type [org.springframework.test.context.ActiveProfiles] and class [com.capstone08.springstudy.controller.PostViewControllerHtmlTest]
16:34:24.028 [Test worker] DEBUG org.springframework.test.util.ReflectionTestUtils - Setting field 'propertySourceProperties' of type [null] on target object [[WebMergedContextConfiguration@4c9f046d testClass = PostViewControllerHtmlTest, locations = '{}', classes = '{class com.capstone08.springstudy.AppConfig}', contextInitializerClasses = '[]', activeProfiles = '{}', propertySourceLocations = '{}', propertySourceProperties = '{}', contextCustomizers = set[org.springframework.boot.test.context.filter.ExcludeFilterContextCustomizer@69ab4ed3, org.springframework.boot.test.mock.mockito.MockitoContextCustomizer@0, org.springframework.boot.test.autoconfigure.properties.PropertyMappingContextCustomizer@0, org.springframework.boot.test.autoconfigure.web.servlet.WebDriverContextCustomizerFactory$Customizer@1de6e59], resourceBasePath = '', contextLoader = 'org.springframework.boot.test.SpringApplicationContextLoader', parent = [null]]] or target class [class org.springframework.test.context.web.WebMergedContextConfiguration] to value [[Ljava.lang.String;@6a9adae6]
16:34:24.029 [Test worker] DEBUG org.springframework.boot.test.WebAppIntegrationTestContextBootstrapper - @TestExecutionListeners is not present for class [com.capstone08.springstudy.controller.PostViewControllerHtmlTest]: using defaults.
16:34:24.031 [Test worker] INFO org.springframework.boot.test.WebAppIntegrationTestContextBootstrapper - Loaded default TestExecutionListener class names from location [META-INF/spring.factories]: [org.springframework.boot.test.mock.mockito.MockitoTestExecutionListener, org.springframework.boot.test.mock.mockito.ResetMocksTestExecutionListener, org.springframework.boot.test.autoconfigure.restdocs.RestDocsTestExecutionListener, org.springframework.boot.test.autoconfigure.web.client.MockRestServiceServerResetTestExecutionListener, org.springframework.boot.test.autoconfigure.web.servlet.MockMvcPrintOnlyOnFailureTestExecutionListener, org.springframework.boot.test.autoconfigure.web.servlet.WebDriverTestExecutionListener, org.springframework.test.context.web.ServletTestExecutionListener, org.springframework.test.context.support.DirtiesContextBeforeModesTestExecutionListener, org.springframework.test.context.support.DependencyInjectionTestExecutionListener, org.springframework.test.context.support.DirtiesContextTestExecutionListener, org.springframework.test.context.transaction.TransactionalTestExecutionListener, org.springframework.test.context.jdbc.SqlScriptsTestExecutionListener]
16:34:24.042 [Test worker] INFO org.springframework.boot.test.WebAppIntegrationTestContextBootstrapper - Using TestExecutionListeners: [org.springframework.test.context.web.ServletTestExecutionListener@58960fef, org.springframework.test.context.support.DirtiesContextBeforeModesTestExecutionListener@38640051, org.springframework.test.context.support.DependencyInjectionTestExecutionListener@2d3ef595, org.springframework.test.context.support.DirtiesContextTestExecutionListener@9d5af3a, org.springframework.test.context.transaction.TransactionalTestExecutionListener@61542098, org.springframework.test.context.jdbc.SqlScriptsTestExecutionListener@792ad26b, org.springframework.boot.test.mock.mockito.MockitoTestExecutionListener@23620286, org.springframework.boot.test.mock.mockito.ResetMocksTestExecutionListener@7ead5af, org.springframework.boot.test.autoconfigure.web.client.MockRestServiceServerResetTestExecutionListener@47fa652a, org.springframework.boot.test.autoconfigure.web.servlet.MockMvcPrintOnlyOnFailureTestExecutionListener@68ec5e34, org.springframework.boot.test.autoconfigure.restdocs.RestDocsTestExecutionListener@5ba9079d, org.springframework.boot.test.autoconfigure.web.servlet.WebDriverTestExecutionListener@abff6ea]
16:34:24.043 [Test worker] DEBUG org.springframework.test.annotation.ProfileValueUtils - Retrieved @ProfileValueSourceConfiguration [null] for test class [com.capstone08.springstudy.controller.PostViewControllerHtmlTest]
16:34:24.043 [Test worker] DEBUG org.springframework.test.annotation.ProfileValueUtils - Retrieved ProfileValueSource type [class org.springframework.test.annotation.SystemProfileValueSource] for class [com.capstone08.springstudy.controller.PostViewControllerHtmlTest]
16:34:24.044 [Test worker] DEBUG org.springframework.test.annotation.ProfileValueUtils - Retrieved @ProfileValueSourceConfiguration [null] for test class [com.capstone08.springstudy.controller.PostViewControllerHtmlTest]
16:34:24.044 [Test worker] DEBUG org.springframework.test.annotation.ProfileValueUtils - Retrieved ProfileValueSource type [class org.springframework.test.annotation.SystemProfileValueSource] for class [com.capstone08.springstudy.controller.PostViewControllerHtmlTest]
16:34:24.045 [Test worker] DEBUG org.springframework.test.context.support.AbstractDirtiesContextTestExecutionListener - Before test class: context [DefaultTestContext@434e3d10 testClass = PostViewControllerHtmlTest, testInstance = [null], testMethod = [null], testException = [null], mergedContextConfiguration = [WebMergedContextConfiguration@4c9f046d testClass = PostViewControllerHtmlTest, locations = '{}', classes = '{class com.capstone08.springstudy.AppConfig}', contextInitializerClasses = '[]', activeProfiles = '{}', propertySourceLocations = '{}', propertySourceProperties = '{server.port:0, org.springframework.boot.test.WebIntegrationTest=true}', contextCustomizers = set[org.springframework.boot.test.context.filter.ExcludeFilterContextCustomizer@69ab4ed3, org.springframework.boot.test.mock.mockito.MockitoContextCustomizer@0, org.springframework.boot.test.autoconfigure.properties.PropertyMappingContextCustomizer@0, org.springframework.boot.test.autoconfigure.web.servlet.WebDriverContextCustomizerFactory$Customizer@1de6e59], resourceBasePath = '', contextLoader = 'org.springframework.boot.test.SpringApplicationContextLoader', parent = [null]]], class annotated with @DirtiesContext [false] with mode [null].
16:34:24.045 [Test worker] DEBUG org.springframework.test.annotation.ProfileValueUtils - Retrieved @ProfileValueSourceConfiguration [null] for test class [com.capstone08.springstudy.controller.PostViewControllerHtmlTest]
16:34:24.045 [Test worker] DEBUG org.springframework.test.annotation.ProfileValueUtils - Retrieved ProfileValueSource type [class org.springframework.test.annotation.SystemProfileValueSource] for class [com.capstone08.springstudy.controller.PostViewControllerHtmlTest]
16:34:24.047 [Test worker] DEBUG org.springframework.test.context.support.DependencyInjectionTestExecutionListener - Performing dependency injection for test context [[DefaultTestContext@434e3d10 testClass = PostViewControllerHtmlTest, testInstance = com.capstone08.springstudy.controller.PostViewControllerHtmlTest@6cdfca9e, testMethod = [null], testException = [null], mergedContextConfiguration = [WebMergedContextConfiguration@4c9f046d testClass = PostViewControllerHtmlTest, locations = '{}', classes = '{class com.capstone08.springstudy.AppConfig}', contextInitializerClasses = '[]', activeProfiles = '{}', propertySourceLocations = '{}', propertySourceProperties = '{server.port:0, org.springframework.boot.test.WebIntegrationTest=true}', contextCustomizers = set[org.springframework.boot.test.context.filter.ExcludeFilterContextCustomizer@69ab4ed3, org.springframework.boot.test.mock.mockito.MockitoContextCustomizer@0, org.springframework.boot.test.autoconfigure.properties.PropertyMappingContextCustomizer@0, org.springframework.boot.test.autoconfigure.web.servlet.WebDriverContextCustomizerFactory$Customizer@1de6e59], resourceBasePath = '', contextLoader = 'org.springframework.boot.test.SpringApplicationContextLoader', parent = [null]]]].
16:34:24.064 [Test worker] DEBUG org.springframework.core.env.StandardEnvironment - Adding [systemProperties] PropertySource with lowest search precedence
16:34:24.065 [Test worker] DEBUG org.springframework.core.env.StandardEnvironment - Adding [systemEnvironment] PropertySource with lowest search precedence
16:34:24.065 [Test worker] DEBUG org.springframework.core.env.StandardEnvironment - Initialized StandardEnvironment with PropertySources [systemProperties,systemEnvironment]
16:34:24.066 [Test worker] DEBUG org.springframework.core.env.StandardEnvironment - Adding [integrationTest] PropertySource with search precedence immediately lower than [systemEnvironment]

  .   ____          _            __ _ _
 /\\ / ___'_ __ _ _(_)_ __  __ _ \ \ \ \
( ( )\___ | '_ | '_| | '_ \/ _` | \ \ \ \
 \\/  ___)| |_)| | | | | || (_| |  ) ) ) )
  '  |____| .__|_| |_|_| |_\__, | / / / /
 =========|_|==============|___/=/_/_/_/
 :: Spring Boot ::        (v1.4.3.RELEASE)

2017-01-16 16:34:24.302  INFO 28105 --- [    Test worker] c.c.s.c.PostViewControllerHtmlTest       : Starting PostViewControllerHtmlTest on chan-ThinkPad-T440 with PID 28105 (started by chan in /home/chan/SpringStudy)
2017-01-16 16:34:24.304  INFO 28105 --- [    Test worker] c.c.s.c.PostViewControllerHtmlTest       : No active profile set, falling back to default profiles: default
2017-01-16 16:34:24.611  INFO 28105 --- [    Test worker] ationConfigEmbeddedWebApplicationContext : Refreshing org.springframework.boot.context.embedded.AnnotationConfigEmbeddedWebApplicationContext@675d3bb2: startup date [Mon Jan 16 16:34:24 KST 2017]; root of context hierarchy
2017-01-16 16:34:25.533  WARN 28105 --- [    Test worker] o.m.s.mapper.ClassPathMapperScanner      : No MyBatis mapper was found in '[com.capstone08.springstudy]' package. Please check your configuration.
2017-01-16 16:34:26.093  INFO 28105 --- [    Test worker] trationDelegate$BeanPostProcessorChecker : Bean 'org.springframework.transaction.annotation.ProxyTransactionManagementConfiguration' of type [class org.springframework.transaction.annotation.ProxyTransactionManagementConfiguration$$EnhancerBySpringCGLIB$$f8ea0850] is not eligible for getting processed by all BeanPostProcessors (for example: not eligible for auto-proxying)
2017-01-16 16:34:26.602  INFO 28105 --- [    Test worker] s.b.c.e.t.TomcatEmbeddedServletContainer : Tomcat initialized with port(s): 0 (http)
2017-01-16 16:34:26.613  INFO 28105 --- [    Test worker] o.apache.catalina.core.StandardService   : Starting service Tomcat
2017-01-16 16:34:26.614  INFO 28105 --- [    Test worker] org.apache.catalina.core.StandardEngine  : Starting Servlet Engine: Apache Tomcat/8.5.6
2017-01-16 16:34:26.723  INFO 28105 --- [ost-startStop-1] o.a.c.c.C.[Tomcat].[localhost].[/]       : Initializing Spring embedded WebApplicationContext
2017-01-16 16:34:26.724  INFO 28105 --- [ost-startStop-1] o.s.web.context.ContextLoader            : Root WebApplicationContext: initialization completed in 2116 ms
2017-01-16 16:34:26.876  INFO 28105 --- [ost-startStop-1] o.s.b.w.servlet.ServletRegistrationBean  : Mapping servlet: 'dispatcherServlet' to [/]
2017-01-16 16:34:26.881  INFO 28105 --- [ost-startStop-1] o.s.b.w.servlet.FilterRegistrationBean   : Mapping filter: 'characterEncodingFilter' to: [/*]
2017-01-16 16:34:26.882  INFO 28105 --- [ost-startStop-1] o.s.b.w.servlet.FilterRegistrationBean   : Mapping filter: 'hiddenHttpMethodFilter' to: [/*]
2017-01-16 16:34:26.882  INFO 28105 --- [ost-startStop-1] o.s.b.w.servlet.FilterRegistrationBean   : Mapping filter: 'httpPutFormContentFilter' to: [/*]
2017-01-16 16:34:26.882  INFO 28105 --- [ost-startStop-1] o.s.b.w.servlet.FilterRegistrationBean   : Mapping filter: 'requestContextFilter' to: [/*]
2017-01-16 16:34:27.156  INFO 28105 --- [    Test worker] j.LocalContainerEntityManagerFactoryBean : Building JPA container EntityManagerFactory for persistence unit 'default'
2017-01-16 16:34:27.181  INFO 28105 --- [    Test worker] o.hibernate.jpa.internal.util.LogHelper  : HHH000204: Processing PersistenceUnitInfo [
	name: default
	...]
2017-01-16 16:34:27.264  INFO 28105 --- [    Test worker] org.hibernate.Version                    : HHH000412: Hibernate Core {5.0.11.Final}
2017-01-16 16:34:27.266  INFO 28105 --- [    Test worker] org.hibernate.cfg.Environment            : HHH000206: hibernate.properties not found
2017-01-16 16:34:27.269  INFO 28105 --- [    Test worker] org.hibernate.cfg.Environment            : HHH000021: Bytecode provider name : javassist
2017-01-16 16:34:27.318  INFO 28105 --- [    Test worker] o.hibernate.annotations.common.Version   : HCANN000001: Hibernate Commons Annotations {5.0.1.Final}
2017-01-16 16:34:27.645  INFO 28105 --- [    Test worker] org.hibernate.dialect.Dialect            : HHH000400: Using dialect: org.hibernate.dialect.MySQLDialect
2017-01-16 16:34:28.033  INFO 28105 --- [    Test worker] org.hibernate.tool.hbm2ddl.SchemaExport  : HHH000227: Running hbm2ddl schema export
Hibernate: drop table if exists post
Hibernate: create table post (id integer not null auto_increment, content varchar(255), date varchar(255), hit integer not null, nick varchar(255), subject varchar(255), primary key (id))
2017-01-16 16:34:28.599  INFO 28105 --- [    Test worker] org.hibernate.tool.hbm2ddl.SchemaExport  : HHH000230: Schema export complete
2017-01-16 16:34:28.624  INFO 28105 --- [    Test worker] j.LocalContainerEntityManagerFactoryBean : Initialized JPA EntityManagerFactory for persistence unit 'default'
2017-01-16 16:34:29.102  INFO 28105 --- [    Test worker] s.w.s.m.m.a.RequestMappingHandlerAdapter : Looking for @ControllerAdvice: org.springframework.boot.context.embedded.AnnotationConfigEmbeddedWebApplicationContext@675d3bb2: startup date [Mon Jan 16 16:34:24 KST 2017]; root of context hierarchy
2017-01-16 16:34:29.128  INFO 28105 --- [    Test worker] s.w.s.m.m.a.RequestMappingHandlerMapping : Mapped "{[/postview/{id}]}" onto public java.lang.String com.capstone08.springstudy.controller.HomeController.moveToPostView(int,org.springframework.ui.ModelMap)
2017-01-16 16:34:29.128  INFO 28105 --- [    Test worker] s.w.s.m.m.a.RequestMappingHandlerMapping : Mapped "{[/write]}" onto public java.lang.String com.capstone08.springstudy.controller.HomeController.moveToWrite()
2017-01-16 16:34:29.128  INFO 28105 --- [    Test worker] s.w.s.m.m.a.RequestMappingHandlerMapping : Mapped "{[/],methods=[GET]}" onto public java.lang.String com.capstone08.springstudy.controller.HomeController.board(org.springframework.ui.Model)
2017-01-16 16:34:29.129  INFO 28105 --- [    Test worker] s.w.s.m.m.a.RequestMappingHandlerMapping : Mapped "{[/modify/{id}],methods=[POST]}" onto public java.lang.String com.capstone08.springstudy.controller.ModifyController.modifyPost(int,com.capstone08.springstudy.model.Post)
2017-01-16 16:34:29.129  INFO 28105 --- [    Test worker] s.w.s.m.m.a.RequestMappingHandlerMapping : Mapped "{[/postview/del/{id}]}" onto public java.lang.String com.capstone08.springstudy.controller.PostViewController.deletePost(int)
2017-01-16 16:34:29.129  INFO 28105 --- [    Test worker] s.w.s.m.m.a.RequestMappingHandlerMapping : Mapped "{[/postview/modify/{id}],methods=[GET]}" onto public java.lang.String com.capstone08.springstudy.controller.PostViewController.moveToModify(int,org.springframework.ui.Model)
2017-01-16 16:34:29.130  INFO 28105 --- [    Test worker] s.w.s.m.m.a.RequestMappingHandlerMapping : Mapped "{[/write],methods=[POST]}" onto public java.lang.String com.capstone08.springstudy.controller.WriteController.writePost(com.capstone08.springstudy.model.Post) throws com.capstone08.springstudy.exception.FoundBlankException
2017-01-16 16:34:29.132  INFO 28105 --- [    Test worker] s.w.s.m.m.a.RequestMappingHandlerMapping : Mapped "{[/error],produces=[text/html]}" onto public org.springframework.web.servlet.ModelAndView org.springframework.boot.autoconfigure.web.BasicErrorController.errorHtml(javax.servlet.http.HttpServletRequest,javax.servlet.http.HttpServletResponse)
2017-01-16 16:34:29.132  INFO 28105 --- [    Test worker] s.w.s.m.m.a.RequestMappingHandlerMapping : Mapped "{[/error]}" onto public org.springframework.http.ResponseEntity<java.util.Map<java.lang.String, java.lang.Object>> org.springframework.boot.autoconfigure.web.BasicErrorController.error(javax.servlet.http.HttpServletRequest)
2017-01-16 16:34:29.200  INFO 28105 --- [    Test worker] o.s.w.s.handler.SimpleUrlHandlerMapping  : Mapped URL path [/webjars/**] onto handler of type [class org.springframework.web.servlet.resource.ResourceHttpRequestHandler]
2017-01-16 16:34:29.201  INFO 28105 --- [    Test worker] o.s.w.s.handler.SimpleUrlHandlerMapping  : Mapped URL path [/**] onto handler of type [class org.springframework.web.servlet.resource.ResourceHttpRequestHandler]
2017-01-16 16:34:29.234  INFO 28105 --- [    Test worker] o.s.w.s.handler.SimpleUrlHandlerMapping  : Mapped URL path [/**/favicon.ico] onto handler of type [class org.springframework.web.servlet.resource.ResourceHttpRequestHandler]
2017-01-16 16:34:29.854  INFO 28105 --- [    Test worker] s.b.c.e.t.TomcatEmbeddedServletContainer : Tomcat started on port(s): 46409 (http)
2017-01-16 16:34:29.859  INFO 28105 --- [    Test worker] c.c.s.c.PostViewControllerHtmlTest       : Started PostViewControllerHtmlTest in 5.791 seconds (JVM running for 7.954)
2017-01-16 16:34:31.905  INFO 28105 --- [o-auto-1-exec-1] o.a.c.c.C.[Tomcat].[localhost].[/]       : Initializing Spring FrameworkServlet 'dispatcherServlet'
2017-01-16 16:34:31.905  INFO 28105 --- [o-auto-1-exec-1] o.s.web.servlet.DispatcherServlet        : FrameworkServlet 'dispatcherServlet': initialization started
2017-01-16 16:34:31.924  INFO 28105 --- [o-auto-1-exec-1] o.s.web.servlet.DispatcherServlet        : FrameworkServlet 'dispatcherServlet': initialization completed in 19 ms
Hibernate: insert into post (content, date, hit, nick, subject) values (?, ?, ?, ?, ?)
2017-01-16 16:34:33.142  INFO 28105 --- [o-auto-1-exec-4] o.h.h.i.QueryTranslatorFactoryInitiator  : HHH000397: Using ASTQueryTranslatorFactory
Hibernate: select post0_.id as id1_0_, post0_.content as content2_0_, post0_.date as date3_0_, post0_.hit as hit4_0_, post0_.nick as nick5_0_, post0_.subject as subject6_0_ from post post0_ where post0_.id=?
Hibernate: update post set content=?, date=?, hit=?, nick=?, subject=? where id=?
Hibernate: select post0_.id as id1_0_, post0_.content as content2_0_, post0_.date as date3_0_, post0_.hit as hit4_0_, post0_.nick as nick5_0_, post0_.subject as subject6_0_ from post post0_ order by post0_.id desc
Hibernate: select post0_.id as id1_0_, post0_.content as content2_0_, post0_.date as date3_0_, post0_.hit as hit4_0_, post0_.nick as nick5_0_, post0_.subject as subject6_0_ from post post0_ where post0_.id=?
Hibernate: update post set content=?, date=?, hit=?, nick=?, subject=? where id=?
Hibernate: select post0_.id as id1_0_0_, post0_.content as content2_0_0_, post0_.date as date3_0_0_, post0_.hit as hit4_0_0_, post0_.nick as nick5_0_0_, post0_.subject as subject6_0_0_ from post post0_ where post0_.id=?
Hibernate: delete from post where id=?
Hibernate: select post0_.id as id1_0_, post0_.content as content2_0_, post0_.date as date3_0_, post0_.hit as hit4_0_, post0_.nick as nick5_0_, post0_.subject as subject6_0_ from post post0_ order by post0_.id desc
]]></system-out>
  <system-err><![CDATA[Starting ChromeDriver 2.27.440175 (9bc1d90b8bfa4dd181fbbf769a5eb5e575574320) on port 24052
Only local connections are allowed.
]]></system-err>
</testsuite>
