<?xml version="1.0" encoding="UTF-8"?>
<testsuite name="com.capstone08.springstudy.homeTest.HomeControllerTest" tests="3" skipped="0" failures="0" errors="0" timestamp="2017-01-18T04:45:26" hostname="chan-ThinkPad-T440" time="0.106">
  <properties/>
  <testcase name="boardTest" classname="com.capstone08.springstudy.homeTest.HomeControllerTest" time="0.06"/>
  <testcase name="moveToPostViewTest" classname="com.capstone08.springstudy.homeTest.HomeControllerTest" time="0.026"/>
  <testcase name="moveToWriteTest" classname="com.capstone08.springstudy.homeTest.HomeControllerTest" time="0.02"/>
  <system-out><![CDATA[2017-01-18 13:45:26.522  INFO 3027 --- [    Test worker] ilder$StaticRequestMappingHandlerMapping : Mapped "{[/],methods=[GET]}" onto public java.lang.String com.capstone08.springstudy.controller.HomeController.board(org.springframework.ui.Model)
2017-01-18 13:45:26.522  INFO 3027 --- [    Test worker] ilder$StaticRequestMappingHandlerMapping : Mapped "{[/postview/{id}]}" onto public java.lang.String com.capstone08.springstudy.controller.HomeController.moveToPostView(int,org.springframework.ui.ModelMap)
2017-01-18 13:45:26.522  INFO 3027 --- [    Test worker] ilder$StaticRequestMappingHandlerMapping : Mapped "{[/write]}" onto public java.lang.String com.capstone08.springstudy.controller.HomeController.moveToWrite()
2017-01-18 13:45:26.536  INFO 3027 --- [    Test worker] s.w.s.m.m.a.RequestMappingHandlerAdapter : Looking for @ControllerAdvice: org.springframework.test.web.servlet.setup.StubWebApplicationContext@6f5b59e5
2017-01-18 13:45:26.541  INFO 3027 --- [    Test worker] o.s.mock.web.MockServletContext          : Initializing Spring FrameworkServlet ''
2017-01-18 13:45:26.541  INFO 3027 --- [    Test worker] o.s.t.web.servlet.TestDispatcherServlet  : FrameworkServlet '': initialization started
2017-01-18 13:45:26.541  INFO 3027 --- [    Test worker] o.s.t.web.servlet.TestDispatcherServlet  : FrameworkServlet '': initialization completed in 0 ms
2017-01-18 13:45:26.575  INFO 3027 --- [    Test worker] ilder$StaticRequestMappingHandlerMapping : Mapped "{[/],methods=[GET]}" onto public java.lang.String com.capstone08.springstudy.controller.HomeController.board(org.springframework.ui.Model)
2017-01-18 13:45:26.575  INFO 3027 --- [    Test worker] ilder$StaticRequestMappingHandlerMapping : Mapped "{[/postview/{id}]}" onto public java.lang.String com.capstone08.springstudy.controller.HomeController.moveToPostView(int,org.springframework.ui.ModelMap)
2017-01-18 13:45:26.575  INFO 3027 --- [    Test worker] ilder$StaticRequestMappingHandlerMapping : Mapped "{[/write]}" onto public java.lang.String com.capstone08.springstudy.controller.HomeController.moveToWrite()
2017-01-18 13:45:26.584  INFO 3027 --- [    Test worker] s.w.s.m.m.a.RequestMappingHandlerAdapter : Looking for @ControllerAdvice: org.springframework.test.web.servlet.setup.StubWebApplicationContext@14981096
2017-01-18 13:45:26.591  INFO 3027 --- [    Test worker] o.s.mock.web.MockServletContext          : Initializing Spring FrameworkServlet ''
2017-01-18 13:45:26.591  INFO 3027 --- [    Test worker] o.s.t.web.servlet.TestDispatcherServlet  : FrameworkServlet '': initialization started
2017-01-18 13:45:26.591  INFO 3027 --- [    Test worker] o.s.t.web.servlet.TestDispatcherServlet  : FrameworkServlet '': initialization completed in 0 ms
2017-01-18 13:45:26.603  INFO 3027 --- [    Test worker] ilder$StaticRequestMappingHandlerMapping : Mapped "{[/],methods=[GET]}" onto public java.lang.String com.capstone08.springstudy.controller.HomeController.board(org.springframework.ui.Model)
2017-01-18 13:45:26.603  INFO 3027 --- [    Test worker] ilder$StaticRequestMappingHandlerMapping : Mapped "{[/postview/{id}]}" onto public java.lang.String com.capstone08.springstudy.controller.HomeController.moveToPostView(int,org.springframework.ui.ModelMap)
2017-01-18 13:45:26.603  INFO 3027 --- [    Test worker] ilder$StaticRequestMappingHandlerMapping : Mapped "{[/write]}" onto public java.lang.String com.capstone08.springstudy.controller.HomeController.moveToWrite()
2017-01-18 13:45:26.614  INFO 3027 --- [    Test worker] s.w.s.m.m.a.RequestMappingHandlerAdapter : Looking for @ControllerAdvice: org.springframework.test.web.servlet.setup.StubWebApplicationContext@56d7fcbb
2017-01-18 13:45:26.618  INFO 3027 --- [    Test worker] o.s.mock.web.MockServletContext          : Initializing Spring FrameworkServlet ''
2017-01-18 13:45:26.618  INFO 3027 --- [    Test worker] o.s.t.web.servlet.TestDispatcherServlet  : FrameworkServlet '': initialization started
2017-01-18 13:45:26.618  INFO 3027 --- [    Test worker] o.s.t.web.servlet.TestDispatcherServlet  : FrameworkServlet '': initialization completed in 0 ms
]]></system-out>
  <system-err><![CDATA[]]></system-err>
</testsuite>
