<?xml version="1.0" encoding="UTF-8"?>
<testsuite name="com.capstone08.springstudy.homeTest.HomeControllerTest" tests="3" skipped="0" failures="0" errors="0" timestamp="2017-01-20T05:08:53" hostname="chan-ThinkPad-T440" time="0.115">
  <properties/>
  <testcase name="boardTest" classname="com.capstone08.springstudy.homeTest.HomeControllerTest" time="0.057"/>
  <testcase name="moveToPostViewTest" classname="com.capstone08.springstudy.homeTest.HomeControllerTest" time="0.031"/>
  <testcase name="moveToWriteTest" classname="com.capstone08.springstudy.homeTest.HomeControllerTest" time="0.025"/>
  <system-out><![CDATA[2017-01-20 14:08:53.702  INFO 3476 --- [    Test worker] ilder$StaticRequestMappingHandlerMapping : Mapped "{[/],methods=[GET]}" onto public java.lang.String com.capstone08.springstudy.controller.HomeController.board(org.springframework.ui.Model)
2017-01-20 14:08:53.702  INFO 3476 --- [    Test worker] ilder$StaticRequestMappingHandlerMapping : Mapped "{[/write]}" onto public java.lang.String com.capstone08.springstudy.controller.HomeController.moveToWrite()
2017-01-20 14:08:53.702  INFO 3476 --- [    Test worker] ilder$StaticRequestMappingHandlerMapping : Mapped "{[/postview/{id}]}" onto public java.lang.String com.capstone08.springstudy.controller.HomeController.moveToPostView(int,org.springframework.ui.ModelMap)
2017-01-20 14:08:53.712  INFO 3476 --- [    Test worker] s.w.s.m.m.a.RequestMappingHandlerAdapter : Looking for @ControllerAdvice: org.springframework.test.web.servlet.setup.StubWebApplicationContext@5c51a83
2017-01-20 14:08:53.717  INFO 3476 --- [    Test worker] o.s.mock.web.MockServletContext          : Initializing Spring FrameworkServlet ''
2017-01-20 14:08:53.717  INFO 3476 --- [    Test worker] o.s.t.web.servlet.TestDispatcherServlet  : FrameworkServlet '': initialization started
2017-01-20 14:08:53.717  INFO 3476 --- [    Test worker] o.s.t.web.servlet.TestDispatcherServlet  : FrameworkServlet '': initialization completed in 0 ms
2017-01-20 14:08:53.751  INFO 3476 --- [    Test worker] ilder$StaticRequestMappingHandlerMapping : Mapped "{[/],methods=[GET]}" onto public java.lang.String com.capstone08.springstudy.controller.HomeController.board(org.springframework.ui.Model)
2017-01-20 14:08:53.751  INFO 3476 --- [    Test worker] ilder$StaticRequestMappingHandlerMapping : Mapped "{[/write]}" onto public java.lang.String com.capstone08.springstudy.controller.HomeController.moveToWrite()
2017-01-20 14:08:53.752  INFO 3476 --- [    Test worker] ilder$StaticRequestMappingHandlerMapping : Mapped "{[/postview/{id}]}" onto public java.lang.String com.capstone08.springstudy.controller.HomeController.moveToPostView(int,org.springframework.ui.ModelMap)
2017-01-20 14:08:53.762  INFO 3476 --- [    Test worker] s.w.s.m.m.a.RequestMappingHandlerAdapter : Looking for @ControllerAdvice: org.springframework.test.web.servlet.setup.StubWebApplicationContext@7f90b9f5
2017-01-20 14:08:53.769  INFO 3476 --- [    Test worker] o.s.mock.web.MockServletContext          : Initializing Spring FrameworkServlet ''
2017-01-20 14:08:53.769  INFO 3476 --- [    Test worker] o.s.t.web.servlet.TestDispatcherServlet  : FrameworkServlet '': initialization started
2017-01-20 14:08:53.769  INFO 3476 --- [    Test worker] o.s.t.web.servlet.TestDispatcherServlet  : FrameworkServlet '': initialization completed in 0 ms
2017-01-20 14:08:53.787  INFO 3476 --- [    Test worker] ilder$StaticRequestMappingHandlerMapping : Mapped "{[/],methods=[GET]}" onto public java.lang.String com.capstone08.springstudy.controller.HomeController.board(org.springframework.ui.Model)
2017-01-20 14:08:53.787  INFO 3476 --- [    Test worker] ilder$StaticRequestMappingHandlerMapping : Mapped "{[/write]}" onto public java.lang.String com.capstone08.springstudy.controller.HomeController.moveToWrite()
2017-01-20 14:08:53.787  INFO 3476 --- [    Test worker] ilder$StaticRequestMappingHandlerMapping : Mapped "{[/postview/{id}]}" onto public java.lang.String com.capstone08.springstudy.controller.HomeController.moveToPostView(int,org.springframework.ui.ModelMap)
2017-01-20 14:08:53.801  INFO 3476 --- [    Test worker] s.w.s.m.m.a.RequestMappingHandlerAdapter : Looking for @ControllerAdvice: org.springframework.test.web.servlet.setup.StubWebApplicationContext@623b5640
2017-01-20 14:08:53.806  INFO 3476 --- [    Test worker] o.s.mock.web.MockServletContext          : Initializing Spring FrameworkServlet ''
2017-01-20 14:08:53.806  INFO 3476 --- [    Test worker] o.s.t.web.servlet.TestDispatcherServlet  : FrameworkServlet '': initialization started
2017-01-20 14:08:53.806  INFO 3476 --- [    Test worker] o.s.t.web.servlet.TestDispatcherServlet  : FrameworkServlet '': initialization completed in 0 ms
]]></system-out>
  <system-err><![CDATA[]]></system-err>
</testsuite>
