<?xml version="1.0" encoding="UTF-8"?>
<testsuite name="com.capstone08.springstudy.modifyTest.ModifySeleniumTest" tests="3" skipped="0" failures="0" errors="0" timestamp="2017-01-20T05:08:57" hostname="chan-ThinkPad-T440" time="4.036">
  <properties/>
  <testcase name="modifyPostViewTest" classname="com.capstone08.springstudy.modifyTest.ModifySeleniumTest" time="2.055"/>
  <testcase name="modifyBackTest" classname="com.capstone08.springstudy.modifyTest.ModifySeleniumTest" time="0.916"/>
  <testcase name="modifyDefaultTest" classname="com.capstone08.springstudy.modifyTest.ModifySeleniumTest" time="1.061"/>
  <system-out><![CDATA[2017-01-20 14:08:57.206  INFO 3476 --- [    Test worker] o.s.t.c.support.AbstractContextLoader    : Could not detect default resource locations for test class [com.capstone08.springstudy.modifyTest.ModifySeleniumTest]: no resource found for suffixes {-context.xml, Context.groovy}.
2017-01-20 14:08:57.213  INFO 3476 --- [    Test worker] WebAppIntegrationTestContextBootstrapper : Loaded default TestExecutionListener class names from location [META-INF/spring.factories]: [org.springframework.boot.test.mock.mockito.MockitoTestExecutionListener, org.springframework.boot.test.mock.mockito.ResetMocksTestExecutionListener, org.springframework.boot.test.autoconfigure.restdocs.RestDocsTestExecutionListener, org.springframework.boot.test.autoconfigure.web.client.MockRestServiceServerResetTestExecutionListener, org.springframework.boot.test.autoconfigure.web.servlet.MockMvcPrintOnlyOnFailureTestExecutionListener, org.springframework.boot.test.autoconfigure.web.servlet.WebDriverTestExecutionListener, org.springframework.test.context.web.ServletTestExecutionListener, org.springframework.test.context.support.DirtiesContextBeforeModesTestExecutionListener, org.springframework.test.context.support.DependencyInjectionTestExecutionListener, org.springframework.test.context.support.DirtiesContextTestExecutionListener, org.springframework.test.context.transaction.TransactionalTestExecutionListener, org.springframework.test.context.jdbc.SqlScriptsTestExecutionListener]
2017-01-20 14:08:57.214  INFO 3476 --- [    Test worker] WebAppIntegrationTestContextBootstrapper : Using TestExecutionListeners: [org.springframework.test.context.web.ServletTestExecutionListener@526b478c, org.springframework.test.context.support.DirtiesContextBeforeModesTestExecutionListener@608e68b7, org.springframework.test.context.support.DependencyInjectionTestExecutionListener@7aeca47b, org.springframework.test.context.support.DirtiesContextTestExecutionListener@e8d6797, org.springframework.test.context.transaction.TransactionalTestExecutionListener@65216ed, org.springframework.test.context.jdbc.SqlScriptsTestExecutionListener@158a1d40, org.springframework.boot.test.mock.mockito.MockitoTestExecutionListener@adabcf6, org.springframework.boot.test.autoconfigure.web.servlet.MockMvcPrintOnlyOnFailureTestExecutionListener@6f0ed3e5, org.springframework.boot.test.autoconfigure.restdocs.RestDocsTestExecutionListener@79fd4597, org.springframework.boot.test.autoconfigure.web.client.MockRestServiceServerResetTestExecutionListener@3c5837f5, org.springframework.boot.test.autoconfigure.web.servlet.WebDriverTestExecutionListener@63ba1184, org.springframework.boot.test.mock.mockito.ResetMocksTestExecutionListener@7a3277ed]
/home/chan/SpringStudy
2017-01-20 14:08:57.229  INFO 3476 --- [    Test worker] ilder$StaticRequestMappingHandlerMapping : Mapped "{[/modify/{id}],methods=[POST]}" onto public java.lang.String com.capstone08.springstudy.controller.ModifyController.modifyPost(int,com.capstone08.springstudy.model.Post) throws com.capstone08.springstudy.exception.FoundBlankException
2017-01-20 14:08:57.241  INFO 3476 --- [    Test worker] s.w.s.m.m.a.RequestMappingHandlerAdapter : Looking for @ControllerAdvice: org.springframework.test.web.servlet.setup.StubWebApplicationContext@60154ac4
2017-01-20 14:08:57.245  INFO 3476 --- [    Test worker] o.s.mock.web.MockServletContext          : Initializing Spring FrameworkServlet ''
2017-01-20 14:08:57.245  INFO 3476 --- [    Test worker] o.s.t.web.servlet.TestDispatcherServlet  : FrameworkServlet '': initialization started
2017-01-20 14:08:57.246  INFO 3476 --- [    Test worker] o.s.t.web.servlet.TestDispatcherServlet  : FrameworkServlet '': initialization completed in 1 ms
2017-01-20 14:08:57.246  INFO 3476 --- [    Test worker] o.o.s.phantomjs.PhantomJSDriverService   : executable: /home/chan/SpringStudy/src/test/resources/phantomjs-2.1.1-linux-x86_64/bin/phantomjs
2017-01-20 14:08:57.246  INFO 3476 --- [    Test worker] o.o.s.phantomjs.PhantomJSDriverService   : port: 30887
2017-01-20 14:08:57.246  INFO 3476 --- [    Test worker] o.o.s.phantomjs.PhantomJSDriverService   : arguments: [--webdriver=30887, --webdriver-logfile=/home/chan/SpringStudy/phantomjsdriver.log]
2017-01-20 14:08:57.246  INFO 3476 --- [    Test worker] o.o.s.phantomjs.PhantomJSDriverService   : environment: {}
Hibernate: select post0_.id as id1_0_, post0_.content as content2_0_, post0_.date as date3_0_, post0_.hit as hit4_0_, post0_.nick as nick5_0_, post0_.subject as subject6_0_ from post post0_ where post0_.id=?
2017-01-20 14:08:58.350  WARN 3476 --- [o-auto-1-exec-7] o.springframework.validation.DataBinder  : Skipping URI variable 'id' since the request contains a bind value with the same name.
Hibernate: select post0_.id as id1_0_0_, post0_.content as content2_0_0_, post0_.date as date3_0_0_, post0_.hit as hit4_0_0_, post0_.nick as nick5_0_0_, post0_.subject as subject6_0_0_ from post post0_ where post0_.id=?
Hibernate: update post set content=?, date=?, hit=?, nick=?, subject=? where id=?
Hibernate: select post0_.id as id1_0_, post0_.content as content2_0_, post0_.date as date3_0_, post0_.hit as hit4_0_, post0_.nick as nick5_0_, post0_.subject as subject6_0_ from post post0_ where post0_.id=?
Hibernate: update post set content=?, date=?, hit=?, nick=?, subject=? where id=?
/home/chan/SpringStudy
2017-01-20 14:08:59.281  INFO 3476 --- [    Test worker] ilder$StaticRequestMappingHandlerMapping : Mapped "{[/modify/{id}],methods=[POST]}" onto public java.lang.String com.capstone08.springstudy.controller.ModifyController.modifyPost(int,com.capstone08.springstudy.model.Post) throws com.capstone08.springstudy.exception.FoundBlankException
2017-01-20 14:08:59.291  INFO 3476 --- [    Test worker] s.w.s.m.m.a.RequestMappingHandlerAdapter : Looking for @ControllerAdvice: org.springframework.test.web.servlet.setup.StubWebApplicationContext@690727b
2017-01-20 14:08:59.294  INFO 3476 --- [    Test worker] o.s.mock.web.MockServletContext          : Initializing Spring FrameworkServlet ''
2017-01-20 14:08:59.295  INFO 3476 --- [    Test worker] o.s.t.web.servlet.TestDispatcherServlet  : FrameworkServlet '': initialization started
2017-01-20 14:08:59.295  INFO 3476 --- [    Test worker] o.s.t.web.servlet.TestDispatcherServlet  : FrameworkServlet '': initialization completed in 0 ms
2017-01-20 14:08:59.295  INFO 3476 --- [    Test worker] o.o.s.phantomjs.PhantomJSDriverService   : executable: /home/chan/SpringStudy/src/test/resources/phantomjs-2.1.1-linux-x86_64/bin/phantomjs
2017-01-20 14:08:59.295  INFO 3476 --- [    Test worker] o.o.s.phantomjs.PhantomJSDriverService   : port: 13999
2017-01-20 14:08:59.295  INFO 3476 --- [    Test worker] o.o.s.phantomjs.PhantomJSDriverService   : arguments: [--webdriver=13999, --webdriver-logfile=/home/chan/SpringStudy/phantomjsdriver.log]
2017-01-20 14:08:59.295  INFO 3476 --- [    Test worker] o.o.s.phantomjs.PhantomJSDriverService   : environment: {}
Hibernate: select post0_.id as id1_0_, post0_.content as content2_0_, post0_.date as date3_0_, post0_.hit as hit4_0_, post0_.nick as nick5_0_, post0_.subject as subject6_0_ from post post0_ where post0_.id=?
Hibernate: select post0_.id as id1_0_, post0_.content as content2_0_, post0_.date as date3_0_, post0_.hit as hit4_0_, post0_.nick as nick5_0_, post0_.subject as subject6_0_ from post post0_ where post0_.id=?
Hibernate: update post set content=?, date=?, hit=?, nick=?, subject=? where id=?
/home/chan/SpringStudy
2017-01-20 14:09:00.201  INFO 3476 --- [    Test worker] ilder$StaticRequestMappingHandlerMapping : Mapped "{[/modify/{id}],methods=[POST]}" onto public java.lang.String com.capstone08.springstudy.controller.ModifyController.modifyPost(int,com.capstone08.springstudy.model.Post) throws com.capstone08.springstudy.exception.FoundBlankException
2017-01-20 14:09:00.214  INFO 3476 --- [    Test worker] s.w.s.m.m.a.RequestMappingHandlerAdapter : Looking for @ControllerAdvice: org.springframework.test.web.servlet.setup.StubWebApplicationContext@5680c1c9
2017-01-20 14:09:00.219  INFO 3476 --- [    Test worker] o.s.mock.web.MockServletContext          : Initializing Spring FrameworkServlet ''
2017-01-20 14:09:00.219  INFO 3476 --- [    Test worker] o.s.t.web.servlet.TestDispatcherServlet  : FrameworkServlet '': initialization started
2017-01-20 14:09:00.219  INFO 3476 --- [    Test worker] o.s.t.web.servlet.TestDispatcherServlet  : FrameworkServlet '': initialization completed in 0 ms
2017-01-20 14:09:00.219  INFO 3476 --- [    Test worker] o.o.s.phantomjs.PhantomJSDriverService   : executable: /home/chan/SpringStudy/src/test/resources/phantomjs-2.1.1-linux-x86_64/bin/phantomjs
2017-01-20 14:09:00.219  INFO 3476 --- [    Test worker] o.o.s.phantomjs.PhantomJSDriverService   : port: 3123
2017-01-20 14:09:00.219  INFO 3476 --- [    Test worker] o.o.s.phantomjs.PhantomJSDriverService   : arguments: [--webdriver=3123, --webdriver-logfile=/home/chan/SpringStudy/phantomjsdriver.log]
2017-01-20 14:09:00.220  INFO 3476 --- [    Test worker] o.o.s.phantomjs.PhantomJSDriverService   : environment: {}
Hibernate: select post0_.id as id1_0_, post0_.content as content2_0_, post0_.date as date3_0_, post0_.hit as hit4_0_, post0_.nick as nick5_0_, post0_.subject as subject6_0_ from post post0_ where post0_.id=?
]]></system-out>
  <system-err><![CDATA[[INFO  - 2017-01-20T05:08:57.351Z] GhostDriver - Main - running on port 30887
[INFO  - 2017-01-20T05:08:57.413Z] Session [8bf4e310-dece-11e6-a355-878715300cbc] - page.settings - {"XSSAuditingEnabled":false,"javascriptCanCloseWindows":true,"javascriptCanOpenWindows":true,"javascriptEnabled":true,"loadImages":true,"localToRemoteUrlAccessEnabled":false,"userAgent":"Mozilla/5.0 (Unknown; Linux x86_64) AppleWebKit/538.1 (KHTML, like Gecko) PhantomJS/2.1.1 Safari/538.1","webSecurityEnabled":true}
[INFO  - 2017-01-20T05:08:57.413Z] Session [8bf4e310-dece-11e6-a355-878715300cbc] - page.customHeaders:  - {}
[INFO  - 2017-01-20T05:08:57.413Z] Session [8bf4e310-dece-11e6-a355-878715300cbc] - Session.negotiatedCapabilities - {"browserName":"phantomjs","version":"2.1.1","driverName":"ghostdriver","driverVersion":"1.2.0","platform":"linux-unknown-64bit","javascriptEnabled":true,"takesScreenshot":true,"handlesAlerts":false,"databaseEnabled":false,"locationContextEnabled":false,"applicationCacheEnabled":false,"browserConnectionEnabled":false,"cssSelectorsEnabled":true,"webStorageEnabled":false,"rotatable":false,"acceptSslCerts":false,"nativeEvents":true,"proxy":{"proxyType":"direct"}}
[INFO  - 2017-01-20T05:08:57.414Z] SessionManagerReqHand - _postNewSessionCommand - New Session Created: 8bf4e310-dece-11e6-a355-878715300cbc
[INFO  - 2017-01-20T05:08:59.208Z] ShutdownReqHand - _handle - About to shutdown
[INFO  - 2017-01-20T05:08:59.402Z] GhostDriver - Main - running on port 13999
[INFO  - 2017-01-20T05:08:59.461Z] Session [8d2d8a20-dece-11e6-bc42-a3d86ae1c24b] - page.settings - {"XSSAuditingEnabled":false,"javascriptCanCloseWindows":true,"javascriptCanOpenWindows":true,"javascriptEnabled":true,"loadImages":true,"localToRemoteUrlAccessEnabled":false,"userAgent":"Mozilla/5.0 (Unknown; Linux x86_64) AppleWebKit/538.1 (KHTML, like Gecko) PhantomJS/2.1.1 Safari/538.1","webSecurityEnabled":true}
[INFO  - 2017-01-20T05:08:59.461Z] Session [8d2d8a20-dece-11e6-bc42-a3d86ae1c24b] - page.customHeaders:  - {}
[INFO  - 2017-01-20T05:08:59.462Z] Session [8d2d8a20-dece-11e6-bc42-a3d86ae1c24b] - Session.negotiatedCapabilities - {"browserName":"phantomjs","version":"2.1.1","driverName":"ghostdriver","driverVersion":"1.2.0","platform":"linux-unknown-64bit","javascriptEnabled":true,"takesScreenshot":true,"handlesAlerts":false,"databaseEnabled":false,"locationContextEnabled":false,"applicationCacheEnabled":false,"browserConnectionEnabled":false,"cssSelectorsEnabled":true,"webStorageEnabled":false,"rotatable":false,"acceptSslCerts":false,"nativeEvents":true,"proxy":{"proxyType":"direct"}}
[INFO  - 2017-01-20T05:08:59.462Z] SessionManagerReqHand - _postNewSessionCommand - New Session Created: 8d2d8a20-dece-11e6-bc42-a3d86ae1c24b
[INFO  - 2017-01-20T05:09:00.172Z] ShutdownReqHand - _handle - About to shutdown
[INFO  - 2017-01-20T05:09:00.310Z] GhostDriver - Main - running on port 3123
[INFO  - 2017-01-20T05:09:00.386Z] Session [8dba87e0-dece-11e6-9e56-9d0f02d25b08] - page.settings - {"XSSAuditingEnabled":false,"javascriptCanCloseWindows":true,"javascriptCanOpenWindows":true,"javascriptEnabled":true,"loadImages":true,"localToRemoteUrlAccessEnabled":false,"userAgent":"Mozilla/5.0 (Unknown; Linux x86_64) AppleWebKit/538.1 (KHTML, like Gecko) PhantomJS/2.1.1 Safari/538.1","webSecurityEnabled":true}
[INFO  - 2017-01-20T05:09:00.386Z] Session [8dba87e0-dece-11e6-9e56-9d0f02d25b08] - page.customHeaders:  - {}
[INFO  - 2017-01-20T05:09:00.386Z] Session [8dba87e0-dece-11e6-9e56-9d0f02d25b08] - Session.negotiatedCapabilities - {"browserName":"phantomjs","version":"2.1.1","driverName":"ghostdriver","driverVersion":"1.2.0","platform":"linux-unknown-64bit","javascriptEnabled":true,"takesScreenshot":true,"handlesAlerts":false,"databaseEnabled":false,"locationContextEnabled":false,"applicationCacheEnabled":false,"browserConnectionEnabled":false,"cssSelectorsEnabled":true,"webStorageEnabled":false,"rotatable":false,"acceptSslCerts":false,"nativeEvents":true,"proxy":{"proxyType":"direct"}}
[INFO  - 2017-01-20T05:09:00.386Z] SessionManagerReqHand - _postNewSessionCommand - New Session Created: 8dba87e0-dece-11e6-9e56-9d0f02d25b08
[INFO  - 2017-01-20T05:09:01.188Z] ShutdownReqHand - _handle - About to shutdown
]]></system-err>
</testsuite>
