<?xml version="1.0" encoding="UTF-8"?>
<testsuite name="com.capstone08.springstudy.postviewTest.PostViewSeleniumTest" tests="3" skipped="0" failures="0" errors="0" timestamp="2017-01-20T05:08:53" hostname="chan-ThinkPad-T440" time="3.324">
  <properties/>
  <testcase name="postViewBackTest" classname="com.capstone08.springstudy.postviewTest.PostViewSeleniumTest" time="1.262"/>
  <testcase name="postViewTest" classname="com.capstone08.springstudy.postviewTest.PostViewSeleniumTest" time="1.061"/>
  <testcase name="postViewHitTest" classname="com.capstone08.springstudy.postviewTest.PostViewSeleniumTest" time="0.997"/>
  <system-out><![CDATA[2017-01-20 14:08:53.813  INFO 3476 --- [    Test worker] o.s.t.c.support.AbstractContextLoader    : Could not detect default resource locations for test class [com.capstone08.springstudy.postviewTest.PostViewSeleniumTest]: no resource found for suffixes {-context.xml, Context.groovy}.
2017-01-20 14:08:53.825  INFO 3476 --- [    Test worker] WebAppIntegrationTestContextBootstrapper : Loaded default TestExecutionListener class names from location [META-INF/spring.factories]: [org.springframework.boot.test.mock.mockito.MockitoTestExecutionListener, org.springframework.boot.test.mock.mockito.ResetMocksTestExecutionListener, org.springframework.boot.test.autoconfigure.restdocs.RestDocsTestExecutionListener, org.springframework.boot.test.autoconfigure.web.client.MockRestServiceServerResetTestExecutionListener, org.springframework.boot.test.autoconfigure.web.servlet.MockMvcPrintOnlyOnFailureTestExecutionListener, org.springframework.boot.test.autoconfigure.web.servlet.WebDriverTestExecutionListener, org.springframework.test.context.web.ServletTestExecutionListener, org.springframework.test.context.support.DirtiesContextBeforeModesTestExecutionListener, org.springframework.test.context.support.DependencyInjectionTestExecutionListener, org.springframework.test.context.support.DirtiesContextTestExecutionListener, org.springframework.test.context.transaction.TransactionalTestExecutionListener, org.springframework.test.context.jdbc.SqlScriptsTestExecutionListener]
2017-01-20 14:08:53.825  INFO 3476 --- [    Test worker] WebAppIntegrationTestContextBootstrapper : Using TestExecutionListeners: [org.springframework.test.context.web.ServletTestExecutionListener@5c28a4f3, org.springframework.test.context.support.DirtiesContextBeforeModesTestExecutionListener@73eea861, org.springframework.test.context.support.DependencyInjectionTestExecutionListener@33cd9809, org.springframework.test.context.support.DirtiesContextTestExecutionListener@7524d0f9, org.springframework.test.context.transaction.TransactionalTestExecutionListener@6cb2fd92, org.springframework.test.context.jdbc.SqlScriptsTestExecutionListener@6a19fdc5, org.springframework.boot.test.mock.mockito.MockitoTestExecutionListener@35cb2d5f, org.springframework.boot.test.autoconfigure.web.servlet.MockMvcPrintOnlyOnFailureTestExecutionListener@66bb8007, org.springframework.boot.test.autoconfigure.restdocs.RestDocsTestExecutionListener@1d1ebf2f, org.springframework.boot.test.autoconfigure.web.client.MockRestServiceServerResetTestExecutionListener@384c8e9c, org.springframework.boot.test.autoconfigure.web.servlet.WebDriverTestExecutionListener@5401fd1f, org.springframework.boot.test.mock.mockito.ResetMocksTestExecutionListener@6e00e420]
/home/chan/SpringStudy
2017-01-20 14:08:53.841  INFO 3476 --- [    Test worker] ilder$StaticRequestMappingHandlerMapping : Mapped "{[/],methods=[GET]}" onto public java.lang.String com.capstone08.springstudy.controller.HomeController.board(org.springframework.ui.Model)
2017-01-20 14:08:53.841  INFO 3476 --- [    Test worker] ilder$StaticRequestMappingHandlerMapping : Mapped "{[/write]}" onto public java.lang.String com.capstone08.springstudy.controller.HomeController.moveToWrite()
2017-01-20 14:08:53.845  INFO 3476 --- [    Test worker] ilder$StaticRequestMappingHandlerMapping : Mapped "{[/postview/{id}]}" onto public java.lang.String com.capstone08.springstudy.controller.HomeController.moveToPostView(int,org.springframework.ui.ModelMap)
2017-01-20 14:08:53.864  INFO 3476 --- [    Test worker] s.w.s.m.m.a.RequestMappingHandlerAdapter : Looking for @ControllerAdvice: org.springframework.test.web.servlet.setup.StubWebApplicationContext@5c6a295a
2017-01-20 14:08:53.869  INFO 3476 --- [    Test worker] o.s.mock.web.MockServletContext          : Initializing Spring FrameworkServlet ''
2017-01-20 14:08:53.870  INFO 3476 --- [    Test worker] o.s.t.web.servlet.TestDispatcherServlet  : FrameworkServlet '': initialization started
2017-01-20 14:08:53.870  INFO 3476 --- [    Test worker] o.s.t.web.servlet.TestDispatcherServlet  : FrameworkServlet '': initialization completed in 0 ms
2017-01-20 14:08:53.870  INFO 3476 --- [    Test worker] o.o.s.phantomjs.PhantomJSDriverService   : executable: /home/chan/SpringStudy/src/test/resources/phantomjs-2.1.1-linux-x86_64/bin/phantomjs
2017-01-20 14:08:53.871  INFO 3476 --- [    Test worker] o.o.s.phantomjs.PhantomJSDriverService   : port: 28162
2017-01-20 14:08:53.871  INFO 3476 --- [    Test worker] o.o.s.phantomjs.PhantomJSDriverService   : arguments: [--webdriver=28162, --webdriver-logfile=/home/chan/SpringStudy/phantomjsdriver.log]
2017-01-20 14:08:53.871  INFO 3476 --- [    Test worker] o.o.s.phantomjs.PhantomJSDriverService   : environment: {}
Hibernate: select post0_.id as id1_0_, post0_.content as content2_0_, post0_.date as date3_0_, post0_.hit as hit4_0_, post0_.nick as nick5_0_, post0_.subject as subject6_0_ from post post0_ where post0_.id=?
Hibernate: update post set content=?, date=?, hit=?, nick=?, subject=? where id=?
Hibernate: select post0_.id as id1_0_, post0_.content as content2_0_, post0_.date as date3_0_, post0_.hit as hit4_0_, post0_.nick as nick5_0_, post0_.subject as subject6_0_ from post post0_ order by post0_.id desc
/home/chan/SpringStudy
2017-01-20 14:08:55.103  INFO 3476 --- [    Test worker] ilder$StaticRequestMappingHandlerMapping : Mapped "{[/],methods=[GET]}" onto public java.lang.String com.capstone08.springstudy.controller.HomeController.board(org.springframework.ui.Model)
2017-01-20 14:08:55.104  INFO 3476 --- [    Test worker] ilder$StaticRequestMappingHandlerMapping : Mapped "{[/write]}" onto public java.lang.String com.capstone08.springstudy.controller.HomeController.moveToWrite()
2017-01-20 14:08:55.104  INFO 3476 --- [    Test worker] ilder$StaticRequestMappingHandlerMapping : Mapped "{[/postview/{id}]}" onto public java.lang.String com.capstone08.springstudy.controller.HomeController.moveToPostView(int,org.springframework.ui.ModelMap)
2017-01-20 14:08:55.120  INFO 3476 --- [    Test worker] s.w.s.m.m.a.RequestMappingHandlerAdapter : Looking for @ControllerAdvice: org.springframework.test.web.servlet.setup.StubWebApplicationContext@24a60d95
2017-01-20 14:08:55.126  INFO 3476 --- [    Test worker] o.s.mock.web.MockServletContext          : Initializing Spring FrameworkServlet ''
2017-01-20 14:08:55.127  INFO 3476 --- [    Test worker] o.s.t.web.servlet.TestDispatcherServlet  : FrameworkServlet '': initialization started
2017-01-20 14:08:55.128  INFO 3476 --- [    Test worker] o.s.t.web.servlet.TestDispatcherServlet  : FrameworkServlet '': initialization completed in 0 ms
2017-01-20 14:08:55.132  INFO 3476 --- [    Test worker] o.o.s.phantomjs.PhantomJSDriverService   : executable: /home/chan/SpringStudy/src/test/resources/phantomjs-2.1.1-linux-x86_64/bin/phantomjs
2017-01-20 14:08:55.133  INFO 3476 --- [    Test worker] o.o.s.phantomjs.PhantomJSDriverService   : port: 29422
2017-01-20 14:08:55.133  INFO 3476 --- [    Test worker] o.o.s.phantomjs.PhantomJSDriverService   : arguments: [--webdriver=29422, --webdriver-logfile=/home/chan/SpringStudy/phantomjsdriver.log]
2017-01-20 14:08:55.133  INFO 3476 --- [    Test worker] o.o.s.phantomjs.PhantomJSDriverService   : environment: {}
Hibernate: select post0_.id as id1_0_, post0_.content as content2_0_, post0_.date as date3_0_, post0_.hit as hit4_0_, post0_.nick as nick5_0_, post0_.subject as subject6_0_ from post post0_ where post0_.id=?
Hibernate: update post set content=?, date=?, hit=?, nick=?, subject=? where id=?
/home/chan/SpringStudy
2017-01-20 14:08:56.168  INFO 3476 --- [    Test worker] ilder$StaticRequestMappingHandlerMapping : Mapped "{[/],methods=[GET]}" onto public java.lang.String com.capstone08.springstudy.controller.HomeController.board(org.springframework.ui.Model)
2017-01-20 14:08:56.168  INFO 3476 --- [    Test worker] ilder$StaticRequestMappingHandlerMapping : Mapped "{[/write]}" onto public java.lang.String com.capstone08.springstudy.controller.HomeController.moveToWrite()
2017-01-20 14:08:56.168  INFO 3476 --- [    Test worker] ilder$StaticRequestMappingHandlerMapping : Mapped "{[/postview/{id}]}" onto public java.lang.String com.capstone08.springstudy.controller.HomeController.moveToPostView(int,org.springframework.ui.ModelMap)
2017-01-20 14:08:56.184  INFO 3476 --- [    Test worker] s.w.s.m.m.a.RequestMappingHandlerAdapter : Looking for @ControllerAdvice: org.springframework.test.web.servlet.setup.StubWebApplicationContext@44a5932f
2017-01-20 14:08:56.190  INFO 3476 --- [    Test worker] o.s.mock.web.MockServletContext          : Initializing Spring FrameworkServlet ''
2017-01-20 14:08:56.190  INFO 3476 --- [    Test worker] o.s.t.web.servlet.TestDispatcherServlet  : FrameworkServlet '': initialization started
2017-01-20 14:08:56.190  INFO 3476 --- [    Test worker] o.s.t.web.servlet.TestDispatcherServlet  : FrameworkServlet '': initialization completed in 0 ms
2017-01-20 14:08:56.190  INFO 3476 --- [    Test worker] o.o.s.phantomjs.PhantomJSDriverService   : executable: /home/chan/SpringStudy/src/test/resources/phantomjs-2.1.1-linux-x86_64/bin/phantomjs
2017-01-20 14:08:56.190  INFO 3476 --- [    Test worker] o.o.s.phantomjs.PhantomJSDriverService   : port: 30799
2017-01-20 14:08:56.191  INFO 3476 --- [    Test worker] o.o.s.phantomjs.PhantomJSDriverService   : arguments: [--webdriver=30799, --webdriver-logfile=/home/chan/SpringStudy/phantomjsdriver.log]
2017-01-20 14:08:56.191  INFO 3476 --- [    Test worker] o.o.s.phantomjs.PhantomJSDriverService   : environment: {}
Hibernate: select post0_.id as id1_0_, post0_.content as content2_0_, post0_.date as date3_0_, post0_.hit as hit4_0_, post0_.nick as nick5_0_, post0_.subject as subject6_0_ from post post0_ order by post0_.id desc
Hibernate: select post0_.id as id1_0_, post0_.content as content2_0_, post0_.date as date3_0_, post0_.hit as hit4_0_, post0_.nick as nick5_0_, post0_.subject as subject6_0_ from post post0_ where post0_.id=?
Hibernate: update post set content=?, date=?, hit=?, nick=?, subject=? where id=?
]]></system-out>
  <system-err><![CDATA[[INFO  - 2017-01-20T05:08:54.082Z] GhostDriver - Main - running on port 28162
[INFO  - 2017-01-20T05:08:54.199Z] Session [8a0a5120-dece-11e6-b6ab-5da13064d2f5] - page.settings - {"XSSAuditingEnabled":false,"javascriptCanCloseWindows":true,"javascriptCanOpenWindows":true,"javascriptEnabled":true,"loadImages":true,"localToRemoteUrlAccessEnabled":false,"userAgent":"Mozilla/5.0 (Unknown; Linux x86_64) AppleWebKit/538.1 (KHTML, like Gecko) PhantomJS/2.1.1 Safari/538.1","webSecurityEnabled":true}
[INFO  - 2017-01-20T05:08:54.199Z] Session [8a0a5120-dece-11e6-b6ab-5da13064d2f5] - page.customHeaders:  - {}
[INFO  - 2017-01-20T05:08:54.199Z] Session [8a0a5120-dece-11e6-b6ab-5da13064d2f5] - Session.negotiatedCapabilities - {"browserName":"phantomjs","version":"2.1.1","driverName":"ghostdriver","driverVersion":"1.2.0","platform":"linux-unknown-64bit","javascriptEnabled":true,"takesScreenshot":true,"handlesAlerts":false,"databaseEnabled":false,"locationContextEnabled":false,"applicationCacheEnabled":false,"browserConnectionEnabled":false,"cssSelectorsEnabled":true,"webStorageEnabled":false,"rotatable":false,"acceptSslCerts":false,"nativeEvents":true,"proxy":{"proxyType":"direct"}}
[INFO  - 2017-01-20T05:08:54.199Z] SessionManagerReqHand - _postNewSessionCommand - New Session Created: 8a0a5120-dece-11e6-b6ab-5da13064d2f5
[INFO  - 2017-01-20T05:08:55.027Z] ShutdownReqHand - _handle - About to shutdown
[INFO  - 2017-01-20T05:08:55.211Z] GhostDriver - Main - running on port 29422
[INFO  - 2017-01-20T05:08:55.301Z] Session [8ab27800-dece-11e6-862f-1991c4bfcce7] - page.settings - {"XSSAuditingEnabled":false,"javascriptCanCloseWindows":true,"javascriptCanOpenWindows":true,"javascriptEnabled":true,"loadImages":true,"localToRemoteUrlAccessEnabled":false,"userAgent":"Mozilla/5.0 (Unknown; Linux x86_64) AppleWebKit/538.1 (KHTML, like Gecko) PhantomJS/2.1.1 Safari/538.1","webSecurityEnabled":true}
[INFO  - 2017-01-20T05:08:55.301Z] Session [8ab27800-dece-11e6-862f-1991c4bfcce7] - page.customHeaders:  - {}
[INFO  - 2017-01-20T05:08:55.302Z] Session [8ab27800-dece-11e6-862f-1991c4bfcce7] - Session.negotiatedCapabilities - {"browserName":"phantomjs","version":"2.1.1","driverName":"ghostdriver","driverVersion":"1.2.0","platform":"linux-unknown-64bit","javascriptEnabled":true,"takesScreenshot":true,"handlesAlerts":false,"databaseEnabled":false,"locationContextEnabled":false,"applicationCacheEnabled":false,"browserConnectionEnabled":false,"cssSelectorsEnabled":true,"webStorageEnabled":false,"rotatable":false,"acceptSslCerts":false,"nativeEvents":true,"proxy":{"proxyType":"direct"}}
[INFO  - 2017-01-20T05:08:55.302Z] SessionManagerReqHand - _postNewSessionCommand - New Session Created: 8ab27800-dece-11e6-862f-1991c4bfcce7
[INFO  - 2017-01-20T05:08:56.141Z] ShutdownReqHand - _handle - About to shutdown
[INFO  - 2017-01-20T05:08:56.326Z] GhostDriver - Main - running on port 30799
[INFO  - 2017-01-20T05:08:56.360Z] Session [8b545d50-dece-11e6-8ce5-b3680fcbd1f2] - page.settings - {"XSSAuditingEnabled":false,"javascriptCanCloseWindows":true,"javascriptCanOpenWindows":true,"javascriptEnabled":true,"loadImages":true,"localToRemoteUrlAccessEnabled":false,"userAgent":"Mozilla/5.0 (Unknown; Linux x86_64) AppleWebKit/538.1 (KHTML, like Gecko) PhantomJS/2.1.1 Safari/538.1","webSecurityEnabled":true}
[INFO  - 2017-01-20T05:08:56.360Z] Session [8b545d50-dece-11e6-8ce5-b3680fcbd1f2] - page.customHeaders:  - {}
[INFO  - 2017-01-20T05:08:56.360Z] Session [8b545d50-dece-11e6-8ce5-b3680fcbd1f2] - Session.negotiatedCapabilities - {"browserName":"phantomjs","version":"2.1.1","driverName":"ghostdriver","driverVersion":"1.2.0","platform":"linux-unknown-64bit","javascriptEnabled":true,"takesScreenshot":true,"handlesAlerts":false,"databaseEnabled":false,"locationContextEnabled":false,"applicationCacheEnabled":false,"browserConnectionEnabled":false,"cssSelectorsEnabled":true,"webStorageEnabled":false,"rotatable":false,"acceptSslCerts":false,"nativeEvents":true,"proxy":{"proxyType":"direct"}}
[INFO  - 2017-01-20T05:08:56.361Z] SessionManagerReqHand - _postNewSessionCommand - New Session Created: 8b545d50-dece-11e6-8ce5-b3680fcbd1f2
[INFO  - 2017-01-20T05:08:57.138Z] ShutdownReqHand - _handle - About to shutdown
]]></system-err>
</testsuite>
