<?xml version="1.0" encoding="UTF-8"?>
<testsuite name="com.capstone08.springstudy.homeTest.HomeSeleniumTest" tests="1" skipped="0" failures="0" errors="0" timestamp="2017-01-20T05:08:50" hostname="chan-ThinkPad-T440" time="3.469">
  <properties/>
  <testcase name="HomePostTest" classname="com.capstone08.springstudy.homeTest.HomeSeleniumTest" time="3.469"/>
  <system-out><![CDATA[14:08:43.478 [Test worker] DEBUG org.springframework.test.context.junit4.SpringJUnit4ClassRunner - SpringJUnit4ClassRunner constructor called with [class com.capstone08.springstudy.homeTest.HomeSeleniumTest]
14:08:43.484 [Test worker] DEBUG org.springframework.test.context.BootstrapUtils - Instantiating CacheAwareContextLoaderDelegate from class [org.springframework.test.context.cache.DefaultCacheAwareContextLoaderDelegate]
14:08:43.493 [Test worker] DEBUG org.springframework.test.context.BootstrapUtils - Instantiating BootstrapContext using constructor [public org.springframework.test.context.support.DefaultBootstrapContext(java.lang.Class,org.springframework.test.context.CacheAwareContextLoaderDelegate)]
14:08:43.512 [Test worker] DEBUG org.springframework.test.context.BootstrapUtils - Instantiating TestContextBootstrapper for test class [com.capstone08.springstudy.homeTest.HomeSeleniumTest] from class [org.springframework.boot.test.WebAppIntegrationTestContextBootstrapper]
14:08:43.542 [Test worker] DEBUG org.springframework.boot.test.WebAppIntegrationTestContextBootstrapper - Found explicit ContextLoader class [org.springframework.boot.test.SpringApplicationContextLoader] for context configuration attributes [ContextConfigurationAttributes@72396fc6 declaringClass = 'com.capstone08.springstudy.homeTest.HomeSeleniumTest', classes = '{class com.capstone08.springstudy.AppConfig}', locations = '{}', inheritLocations = true, initializers = '{}', inheritInitializers = true, name = [null], contextLoaderClass = 'org.springframework.boot.test.SpringApplicationContextLoader']
14:08:43.550 [Test worker] DEBUG org.springframework.test.context.support.AbstractContextLoader - Did not detect default resource location for test class [com.capstone08.springstudy.homeTest.HomeSeleniumTest]: class path resource [com/capstone08/springstudy/homeTest/HomeSeleniumTest-context.xml] does not exist
14:08:43.551 [Test worker] DEBUG org.springframework.test.context.support.AbstractContextLoader - Did not detect default resource location for test class [com.capstone08.springstudy.homeTest.HomeSeleniumTest]: class path resource [com/capstone08/springstudy/homeTest/HomeSeleniumTestContext.groovy] does not exist
14:08:43.551 [Test worker] INFO org.springframework.test.context.support.AbstractContextLoader - Could not detect default resource locations for test class [com.capstone08.springstudy.homeTest.HomeSeleniumTest]: no resource found for suffixes {-context.xml, Context.groovy}.
14:08:43.593 [Test worker] DEBUG org.springframework.test.context.support.ActiveProfilesUtils - Could not find an 'annotation declaring class' for annotation type [org.springframework.test.context.ActiveProfiles] and class [com.capstone08.springstudy.homeTest.HomeSeleniumTest]
14:08:43.597 [Test worker] DEBUG org.springframework.test.util.ReflectionTestUtils - Setting field 'propertySourceProperties' of type [null] on target object [[WebMergedContextConfiguration@370c1182 testClass = HomeSeleniumTest, locations = '{}', classes = '{class com.capstone08.springstudy.AppConfig}', contextInitializerClasses = '[]', activeProfiles = '{}', propertySourceLocations = '{}', propertySourceProperties = '{}', contextCustomizers = set[org.springframework.boot.test.context.filter.ExcludeFilterContextCustomizer@4f283b8b, org.springframework.boot.test.mock.mockito.MockitoContextCustomizer@0, org.springframework.boot.test.autoconfigure.properties.PropertyMappingContextCustomizer@0, org.springframework.boot.test.autoconfigure.web.servlet.WebDriverContextCustomizerFactory$Customizer@1bbd7a18], resourceBasePath = '', contextLoader = 'org.springframework.boot.test.SpringApplicationContextLoader', parent = [null]]] or target class [class org.springframework.test.context.web.WebMergedContextConfiguration] to value [[Ljava.lang.String;@6b6432e9]
14:08:43.599 [Test worker] DEBUG org.springframework.boot.test.WebAppIntegrationTestContextBootstrapper - @TestExecutionListeners is not present for class [com.capstone08.springstudy.homeTest.HomeSeleniumTest]: using defaults.
14:08:43.604 [Test worker] INFO org.springframework.boot.test.WebAppIntegrationTestContextBootstrapper - Loaded default TestExecutionListener class names from location [META-INF/spring.factories]: [org.springframework.boot.test.mock.mockito.MockitoTestExecutionListener, org.springframework.boot.test.mock.mockito.ResetMocksTestExecutionListener, org.springframework.boot.test.autoconfigure.restdocs.RestDocsTestExecutionListener, org.springframework.boot.test.autoconfigure.web.client.MockRestServiceServerResetTestExecutionListener, org.springframework.boot.test.autoconfigure.web.servlet.MockMvcPrintOnlyOnFailureTestExecutionListener, org.springframework.boot.test.autoconfigure.web.servlet.WebDriverTestExecutionListener, org.springframework.test.context.web.ServletTestExecutionListener, org.springframework.test.context.support.DirtiesContextBeforeModesTestExecutionListener, org.springframework.test.context.support.DependencyInjectionTestExecutionListener, org.springframework.test.context.support.DirtiesContextTestExecutionListener, org.springframework.test.context.transaction.TransactionalTestExecutionListener, org.springframework.test.context.jdbc.SqlScriptsTestExecutionListener]
14:08:43.626 [Test worker] INFO org.springframework.boot.test.WebAppIntegrationTestContextBootstrapper - Using TestExecutionListeners: [org.springframework.test.context.web.ServletTestExecutionListener@277815d3, org.springframework.test.context.support.DirtiesContextBeforeModesTestExecutionListener@72e6386, org.springframework.test.context.support.DependencyInjectionTestExecutionListener@47c4cfe4, org.springframework.test.context.support.DirtiesContextTestExecutionListener@2e241313, org.springframework.test.context.transaction.TransactionalTestExecutionListener@49154d89, org.springframework.test.context.jdbc.SqlScriptsTestExecutionListener@3d53357e, org.springframework.boot.test.mock.mockito.MockitoTestExecutionListener@5c0976df, org.springframework.boot.test.autoconfigure.web.servlet.MockMvcPrintOnlyOnFailureTestExecutionListener@52bb4ac6, org.springframework.boot.test.autoconfigure.restdocs.RestDocsTestExecutionListener@31a13c1d, org.springframework.boot.test.autoconfigure.web.client.MockRestServiceServerResetTestExecutionListener@157d0792, org.springframework.boot.test.autoconfigure.web.servlet.WebDriverTestExecutionListener@2d5346c, org.springframework.boot.test.mock.mockito.ResetMocksTestExecutionListener@ab0a38a]
14:08:43.630 [Test worker] DEBUG org.springframework.test.annotation.ProfileValueUtils - Retrieved @ProfileValueSourceConfiguration [null] for test class [com.capstone08.springstudy.homeTest.HomeSeleniumTest]
14:08:43.631 [Test worker] DEBUG org.springframework.test.annotation.ProfileValueUtils - Retrieved ProfileValueSource type [class org.springframework.test.annotation.SystemProfileValueSource] for class [com.capstone08.springstudy.homeTest.HomeSeleniumTest]
14:08:43.632 [Test worker] DEBUG org.springframework.test.annotation.ProfileValueUtils - Retrieved @ProfileValueSourceConfiguration [null] for test class [com.capstone08.springstudy.homeTest.HomeSeleniumTest]
14:08:43.632 [Test worker] DEBUG org.springframework.test.annotation.ProfileValueUtils - Retrieved ProfileValueSource type [class org.springframework.test.annotation.SystemProfileValueSource] for class [com.capstone08.springstudy.homeTest.HomeSeleniumTest]
14:08:43.639 [Test worker] DEBUG org.springframework.test.context.support.AbstractDirtiesContextTestExecutionListener - Before test class: context [DefaultTestContext@566052f7 testClass = HomeSeleniumTest, testInstance = [null], testMethod = [null], testException = [null], mergedContextConfiguration = [WebMergedContextConfiguration@370c1182 testClass = HomeSeleniumTest, locations = '{}', classes = '{class com.capstone08.springstudy.AppConfig}', contextInitializerClasses = '[]', activeProfiles = '{}', propertySourceLocations = '{}', propertySourceProperties = '{server.port:0, org.springframework.boot.test.WebIntegrationTest=true}', contextCustomizers = set[org.springframework.boot.test.context.filter.ExcludeFilterContextCustomizer@4f283b8b, org.springframework.boot.test.mock.mockito.MockitoContextCustomizer@0, org.springframework.boot.test.autoconfigure.properties.PropertyMappingContextCustomizer@0, org.springframework.boot.test.autoconfigure.web.servlet.WebDriverContextCustomizerFactory$Customizer@1bbd7a18], resourceBasePath = '', contextLoader = 'org.springframework.boot.test.SpringApplicationContextLoader', parent = [null]]], class annotated with @DirtiesContext [false] with mode [null].
14:08:43.647 [Test worker] DEBUG org.springframework.test.annotation.ProfileValueUtils - Retrieved @ProfileValueSourceConfiguration [null] for test class [com.capstone08.springstudy.homeTest.HomeSeleniumTest]
14:08:43.647 [Test worker] DEBUG org.springframework.test.annotation.ProfileValueUtils - Retrieved ProfileValueSource type [class org.springframework.test.annotation.SystemProfileValueSource] for class [com.capstone08.springstudy.homeTest.HomeSeleniumTest]
14:08:43.649 [Test worker] DEBUG org.springframework.test.context.support.DependencyInjectionTestExecutionListener - Performing dependency injection for test context [[DefaultTestContext@566052f7 testClass = HomeSeleniumTest, testInstance = com.capstone08.springstudy.homeTest.HomeSeleniumTest@5ba60efd, testMethod = [null], testException = [null], mergedContextConfiguration = [WebMergedContextConfiguration@370c1182 testClass = HomeSeleniumTest, locations = '{}', classes = '{class com.capstone08.springstudy.AppConfig}', contextInitializerClasses = '[]', activeProfiles = '{}', propertySourceLocations = '{}', propertySourceProperties = '{server.port:0, org.springframework.boot.test.WebIntegrationTest=true}', contextCustomizers = set[org.springframework.boot.test.context.filter.ExcludeFilterContextCustomizer@4f283b8b, org.springframework.boot.test.mock.mockito.MockitoContextCustomizer@0, org.springframework.boot.test.autoconfigure.properties.PropertyMappingContextCustomizer@0, org.springframework.boot.test.autoconfigure.web.servlet.WebDriverContextCustomizerFactory$Customizer@1bbd7a18], resourceBasePath = '', contextLoader = 'org.springframework.boot.test.SpringApplicationContextLoader', parent = [null]]]].
14:08:43.727 [Test worker] DEBUG org.springframework.core.env.StandardEnvironment - Adding [systemProperties] PropertySource with lowest search precedence
14:08:43.729 [Test worker] DEBUG org.springframework.core.env.StandardEnvironment - Adding [systemEnvironment] PropertySource with lowest search precedence
14:08:43.730 [Test worker] DEBUG org.springframework.core.env.StandardEnvironment - Initialized StandardEnvironment with PropertySources [systemProperties,systemEnvironment]
14:08:43.732 [Test worker] DEBUG org.springframework.core.env.StandardEnvironment - Adding [integrationTest] PropertySource with search precedence immediately lower than [systemEnvironment]

  .   ____          _            __ _ _
 /\\ / ___'_ __ _ _(_)_ __  __ _ \ \ \ \
( ( )\___ | '_ | '_| | '_ \/ _` | \ \ \ \
 \\/  ___)| |_)| | | | | || (_| |  ) ) ) )
  '  |____| .__|_| |_|_| |_\__, | / / / /
 =========|_|==============|___/=/_/_/_/
 :: Spring Boot ::        (v1.4.3.RELEASE)

2017-01-20 14:08:44.177  INFO 3476 --- [    Test worker] c.c.s.homeTest.HomeSeleniumTest          : Starting HomeSeleniumTest on chan-ThinkPad-T440 with PID 3476 (started by chan in /home/chan/SpringStudy)
2017-01-20 14:08:44.179  INFO 3476 --- [    Test worker] c.c.s.homeTest.HomeSeleniumTest          : No active profile set, falling back to default profiles: default
2017-01-20 14:08:44.502  INFO 3476 --- [    Test worker] ationConfigEmbeddedWebApplicationContext : Refreshing org.springframework.boot.context.embedded.AnnotationConfigEmbeddedWebApplicationContext@7516af98: startup date [Fri Jan 20 14:08:44 KST 2017]; root of context hierarchy
2017-01-20 14:08:45.545  WARN 3476 --- [    Test worker] o.m.s.mapper.ClassPathMapperScanner      : No MyBatis mapper was found in '[com.capstone08.springstudy]' package. Please check your configuration.
2017-01-20 14:08:46.134  INFO 3476 --- [    Test worker] trationDelegate$BeanPostProcessorChecker : Bean 'org.springframework.transaction.annotation.ProxyTransactionManagementConfiguration' of type [class org.springframework.transaction.annotation.ProxyTransactionManagementConfiguration$$EnhancerBySpringCGLIB$$9808c501] is not eligible for getting processed by all BeanPostProcessors (for example: not eligible for auto-proxying)
2017-01-20 14:08:46.667  INFO 3476 --- [    Test worker] s.b.c.e.t.TomcatEmbeddedServletContainer : Tomcat initialized with port(s): 0 (http)
2017-01-20 14:08:46.683  INFO 3476 --- [    Test worker] o.apache.catalina.core.StandardService   : Starting service Tomcat
2017-01-20 14:08:46.686  INFO 3476 --- [    Test worker] org.apache.catalina.core.StandardEngine  : Starting Servlet Engine: Apache Tomcat/8.5.6
2017-01-20 14:08:46.821  INFO 3476 --- [ost-startStop-1] o.a.c.c.C.[Tomcat].[localhost].[/]       : Initializing Spring embedded WebApplicationContext
2017-01-20 14:08:46.822  INFO 3476 --- [ost-startStop-1] o.s.web.context.ContextLoader            : Root WebApplicationContext: initialization completed in 2335 ms
2017-01-20 14:08:47.034  INFO 3476 --- [ost-startStop-1] o.s.b.w.servlet.ServletRegistrationBean  : Mapping servlet: 'dispatcherServlet' to [/]
2017-01-20 14:08:47.040  INFO 3476 --- [ost-startStop-1] o.s.b.w.servlet.FilterRegistrationBean   : Mapping filter: 'characterEncodingFilter' to: [/*]
2017-01-20 14:08:47.041  INFO 3476 --- [ost-startStop-1] o.s.b.w.servlet.FilterRegistrationBean   : Mapping filter: 'hiddenHttpMethodFilter' to: [/*]
2017-01-20 14:08:47.042  INFO 3476 --- [ost-startStop-1] o.s.b.w.servlet.FilterRegistrationBean   : Mapping filter: 'httpPutFormContentFilter' to: [/*]
2017-01-20 14:08:47.042  INFO 3476 --- [ost-startStop-1] o.s.b.w.servlet.FilterRegistrationBean   : Mapping filter: 'requestContextFilter' to: [/*]
2017-01-20 14:08:47.320  INFO 3476 --- [    Test worker] j.LocalContainerEntityManagerFactoryBean : Building JPA container EntityManagerFactory for persistence unit 'default'
2017-01-20 14:08:47.344  INFO 3476 --- [    Test worker] o.hibernate.jpa.internal.util.LogHelper  : HHH000204: Processing PersistenceUnitInfo [
	name: default
	...]
2017-01-20 14:08:47.524  INFO 3476 --- [    Test worker] org.hibernate.Version                    : HHH000412: Hibernate Core {5.0.11.Final}
2017-01-20 14:08:47.526  INFO 3476 --- [    Test worker] org.hibernate.cfg.Environment            : HHH000206: hibernate.properties not found
2017-01-20 14:08:47.528  INFO 3476 --- [    Test worker] org.hibernate.cfg.Environment            : HHH000021: Bytecode provider name : javassist
2017-01-20 14:08:47.566  INFO 3476 --- [    Test worker] o.hibernate.annotations.common.Version   : HCANN000001: Hibernate Commons Annotations {5.0.1.Final}
2017-01-20 14:08:47.909  INFO 3476 --- [    Test worker] org.hibernate.dialect.Dialect            : HHH000400: Using dialect: org.hibernate.dialect.MySQLDialect
2017-01-20 14:08:48.274  INFO 3476 --- [    Test worker] org.hibernate.tool.hbm2ddl.SchemaExport  : HHH000227: Running hbm2ddl schema export
Hibernate: drop table if exists post
Hibernate: create table post (id integer not null auto_increment, content varchar(255), date varchar(255), hit integer not null, nick varchar(255), subject varchar(255), primary key (id))
2017-01-20 14:08:48.747  INFO 3476 --- [    Test worker] org.hibernate.tool.hbm2ddl.SchemaExport  : HHH000230: Schema export complete
2017-01-20 14:08:48.783  INFO 3476 --- [    Test worker] j.LocalContainerEntityManagerFactoryBean : Initialized JPA EntityManagerFactory for persistence unit 'default'
2017-01-20 14:08:49.308  INFO 3476 --- [    Test worker] s.w.s.m.m.a.RequestMappingHandlerAdapter : Looking for @ControllerAdvice: org.springframework.boot.context.embedded.AnnotationConfigEmbeddedWebApplicationContext@7516af98: startup date [Fri Jan 20 14:08:44 KST 2017]; root of context hierarchy
2017-01-20 14:08:49.373  INFO 3476 --- [    Test worker] s.w.s.m.m.a.RequestMappingHandlerMapping : Mapped "{[/],methods=[GET]}" onto public java.lang.String com.capstone08.springstudy.controller.HomeController.board(org.springframework.ui.Model)
2017-01-20 14:08:49.374  INFO 3476 --- [    Test worker] s.w.s.m.m.a.RequestMappingHandlerMapping : Mapped "{[/write]}" onto public java.lang.String com.capstone08.springstudy.controller.HomeController.moveToWrite()
2017-01-20 14:08:49.375  INFO 3476 --- [    Test worker] s.w.s.m.m.a.RequestMappingHandlerMapping : Mapped "{[/postview/{id}]}" onto public java.lang.String com.capstone08.springstudy.controller.HomeController.moveToPostView(int,org.springframework.ui.ModelMap)
2017-01-20 14:08:49.375  INFO 3476 --- [    Test worker] s.w.s.m.m.a.RequestMappingHandlerMapping : Mapped "{[/modify/{id}],methods=[POST]}" onto public java.lang.String com.capstone08.springstudy.controller.ModifyController.modifyPost(int,com.capstone08.springstudy.model.Post) throws com.capstone08.springstudy.exception.FoundBlankException
2017-01-20 14:08:49.376  INFO 3476 --- [    Test worker] s.w.s.m.m.a.RequestMappingHandlerMapping : Mapped "{[/postview/del/{id}]}" onto public java.lang.String com.capstone08.springstudy.controller.PostViewController.deletePost(int)
2017-01-20 14:08:49.376  INFO 3476 --- [    Test worker] s.w.s.m.m.a.RequestMappingHandlerMapping : Mapped "{[/postview/modify/{id}],methods=[GET]}" onto public java.lang.String com.capstone08.springstudy.controller.PostViewController.moveToModify(int,org.springframework.ui.Model)
2017-01-20 14:08:49.377  INFO 3476 --- [    Test worker] s.w.s.m.m.a.RequestMappingHandlerMapping : Mapped "{[/write],methods=[POST]}" onto public java.lang.String com.capstone08.springstudy.controller.WriteController.writePost(com.capstone08.springstudy.model.Post) throws com.capstone08.springstudy.exception.FoundBlankException
2017-01-20 14:08:49.380  INFO 3476 --- [    Test worker] s.w.s.m.m.a.RequestMappingHandlerMapping : Mapped "{[/error],produces=[text/html]}" onto public org.springframework.web.servlet.ModelAndView org.springframework.boot.autoconfigure.web.BasicErrorController.errorHtml(javax.servlet.http.HttpServletRequest,javax.servlet.http.HttpServletResponse)
2017-01-20 14:08:49.380  INFO 3476 --- [    Test worker] s.w.s.m.m.a.RequestMappingHandlerMapping : Mapped "{[/error]}" onto public org.springframework.http.ResponseEntity<java.util.Map<java.lang.String, java.lang.Object>> org.springframework.boot.autoconfigure.web.BasicErrorController.error(javax.servlet.http.HttpServletRequest)
2017-01-20 14:08:49.414  INFO 3476 --- [    Test worker] o.s.w.s.handler.SimpleUrlHandlerMapping  : Mapped URL path [/webjars/**] onto handler of type [class org.springframework.web.servlet.resource.ResourceHttpRequestHandler]
2017-01-20 14:08:49.415  INFO 3476 --- [    Test worker] o.s.w.s.handler.SimpleUrlHandlerMapping  : Mapped URL path [/**] onto handler of type [class org.springframework.web.servlet.resource.ResourceHttpRequestHandler]
2017-01-20 14:08:49.456  INFO 3476 --- [    Test worker] o.s.w.s.handler.SimpleUrlHandlerMapping  : Mapped URL path [/**/favicon.ico] onto handler of type [class org.springframework.web.servlet.resource.ResourceHttpRequestHandler]
2017-01-20 14:08:50.107  INFO 3476 --- [    Test worker] s.b.c.e.t.TomcatEmbeddedServletContainer : Tomcat started on port(s): 37791 (http)
2017-01-20 14:08:50.112  INFO 3476 --- [    Test worker] c.c.s.homeTest.HomeSeleniumTest          : Started HomeSeleniumTest in 6.373 seconds (JVM running for 7.442)
/home/chan/SpringStudy
2017-01-20 14:08:50.294  INFO 3476 --- [    Test worker] o.o.s.phantomjs.PhantomJSDriverService   : executable: /home/chan/SpringStudy/src/test/resources/phantomjs-2.1.1-linux-x86_64/bin/phantomjs
2017-01-20 14:08:50.295  INFO 3476 --- [    Test worker] o.o.s.phantomjs.PhantomJSDriverService   : port: 5024
2017-01-20 14:08:50.302  INFO 3476 --- [    Test worker] o.o.s.phantomjs.PhantomJSDriverService   : arguments: [--webdriver=5024, --webdriver-logfile=/home/chan/SpringStudy/phantomjsdriver.log]
2017-01-20 14:08:50.340  INFO 3476 --- [    Test worker] o.o.s.phantomjs.PhantomJSDriverService   : environment: {}
2017-01-20 14:08:51.731  INFO 3476 --- [o-auto-1-exec-1] o.a.c.c.C.[Tomcat].[localhost].[/]       : Initializing Spring FrameworkServlet 'dispatcherServlet'
2017-01-20 14:08:51.731  INFO 3476 --- [o-auto-1-exec-1] o.s.web.servlet.DispatcherServlet        : FrameworkServlet 'dispatcherServlet': initialization started
2017-01-20 14:08:51.753  INFO 3476 --- [o-auto-1-exec-1] o.s.web.servlet.DispatcherServlet        : FrameworkServlet 'dispatcherServlet': initialization completed in 22 ms
2017-01-20 14:08:51.840  INFO 3476 --- [o-auto-1-exec-1] o.h.h.i.QueryTranslatorFactoryInitiator  : HHH000397: Using ASTQueryTranslatorFactory
Hibernate: select post0_.id as id1_0_, post0_.content as content2_0_, post0_.date as date3_0_, post0_.hit as hit4_0_, post0_.nick as nick5_0_, post0_.subject as subject6_0_ from post post0_ order by post0_.id desc
]]></system-out>
  <system-err><![CDATA[[INFO  - 2017-01-20T05:08:51.219Z] GhostDriver - Main - running on port 5024
[INFO  - 2017-01-20T05:08:51.509Z] Session [886fdb00-dece-11e6-a5a1-11a6b0d7eab2] - page.settings - {"XSSAuditingEnabled":false,"javascriptCanCloseWindows":true,"javascriptCanOpenWindows":true,"javascriptEnabled":true,"loadImages":true,"localToRemoteUrlAccessEnabled":false,"userAgent":"Mozilla/5.0 (Unknown; Linux x86_64) AppleWebKit/538.1 (KHTML, like Gecko) PhantomJS/2.1.1 Safari/538.1","webSecurityEnabled":true}
[INFO  - 2017-01-20T05:08:51.513Z] Session [886fdb00-dece-11e6-a5a1-11a6b0d7eab2] - page.customHeaders:  - {}
[INFO  - 2017-01-20T05:08:51.513Z] Session [886fdb00-dece-11e6-a5a1-11a6b0d7eab2] - Session.negotiatedCapabilities - {"browserName":"phantomjs","version":"2.1.1","driverName":"ghostdriver","driverVersion":"1.2.0","platform":"linux-unknown-64bit","javascriptEnabled":true,"takesScreenshot":true,"handlesAlerts":false,"databaseEnabled":false,"locationContextEnabled":false,"applicationCacheEnabled":false,"browserConnectionEnabled":false,"cssSelectorsEnabled":true,"webStorageEnabled":false,"rotatable":false,"acceptSslCerts":false,"nativeEvents":true,"proxy":{"proxyType":"direct"}}
[INFO  - 2017-01-20T05:08:51.514Z] SessionManagerReqHand - _postNewSessionCommand - New Session Created: 886fdb00-dece-11e6-a5a1-11a6b0d7eab2
[INFO  - 2017-01-20T05:08:53.581Z] ShutdownReqHand - _handle - About to shutdown
]]></system-err>
</testsuite>
